flood_detector
[-1, 0, 4, 4, 6, -1, -1]

((0, 7, 9, 10, 10, 10, 12), 43, 2)
(7, 15)
((0, 7, 13, 10, 10, 10, 12), 50, 3)
(8, 16)
((0, 7, 15, 15, 10, 10, 12), 54, 4)
(9, 18)
((0, 16, 16, 16, 16, 10, 12), 58, 0)
(10, 19)
((0, 16, 16, 16, 17, 18, 17), 63, 1)
(11, 21)
((1, 1, 3, 0, 1, 2, 1), 69, 2)
(12, 22)
((1, 1, 3, 0, 1, 6, 1), 74, 3)
(13, 25)
((0, 0, 4, 4, 0, 5, 0), 81, 4)
(14, 25)
((0, 5, 5, 5, 5, 5, 0), 86, 0)
(15, 25)
((0, 5, 5, 5, 7, 8, 7), 90, 1)
(16, 28)
((0, 6, 6, 8, 7, 8, 7), 97, 2)
(17, 28)
((0, 6, 10, 8, 7, 8, 7), 103, 3)
(18, 30)
((0, 6, 12, 12, 7, 8, 7), 107, 4)
(19, 32)
((6, 6, 6, 6, 0, 1, 0), 111, 0)
(20, 33)
((6, 6, 8, 9, 8, 1, 0), 115, 1)
(21, 36)
((0, 0, 2, 3, 3, 3, 5), 120, 2)
(22, 38)
((0, 0, 6, 3, 3, 3, 5), 127, 3)
(23, 39)
((0, 0, 4, 1, 1, 1, 3), 137, 4)
(24, 39)
((0, 0, 4, 4, 4, 4, 4), 142, 0)
(25, 39)
((0, 0, 6, 7, 6, 4, 4), 146, 1)
(26, 42)
((0, 0, 8, 8, 10, 4, 4), 150, 2)
(27, 45)
((4, 0, 8, 8, 10, 4, 4), 164, 3)
(28, 45)
((4, 0, 8, 8, 12, 12, 4), 168, 4)
(29, 47)
((0, 9, 9, 9, 9, 8, 0), 172, 0)
(30, 48)
((0, 9, 11, 12, 11, 8, 0), 176, 1)
(31, 51)
((0, 9, 13, 13, 15, 8, 0), 180, 2)
(32, 54)
((0, 9, 13, 17, 15, 8, 0), 186, 3)
(33, 56)
((11, 11, 13, 17, 15, 8, 0), 198, 4)
(34, 56)
((0, 0, 2, 7, 7, 7, 7), 202, 0)
(35, 57)
((0, 0, 2, 9, 10, 9, 7), 206, 1)
(36, 60)
((0, 0, 2, 6, 7, 6, 4), 218, 2)
(37, 60)
((4, 0, 2, 6, 7, 6, 4), 229, 3)
(38, 60)
((4, 0, 8, 8, 7, 6, 4), 234, 4)
(39, 61)
((4, 0, 8, 9, 9, 9, 9), 238, 0)
(40, 62)
((4, 0, 8, 11, 12, 11, 9), 242, 1)
(41, 65)
((0, 8, 8, 10, 8, 7, 5), 247, 2)
(42, 67)
((0, 8, 8, 10, 12, 7, 5), 253, 3)
(43, 69)
((0, 8, 8, 10, 14, 14, 5), 257, 4)
(44, 71)
((6, 6, 6, 6, 9, 9, 0), 265, 0)
(45, 71)
((6, 6, 10, 11, 10, 9, 0), 270, 1)
(46, 73)
((0, 0, 4, 5, 5, 5, 7), 275, 2)
(47, 75)
((0, 0, 8, 5, 5, 5, 7), 282, 3)
(48, 76)
((0, 0, 10, 10, 5, 5, 7), 286, 4)
(49, 78)
((0, 11, 11, 11, 11, 5, 7), 290, 0)
(50, 79)
((0, 11, 13, 14, 13, 5, 7), 294, 1)
(51, 82)
((0, 11, 13, 14, 14, 14, 16), 299, 2)
(52, 84)
((0, 11, 13, 14, 18, 14, 16), 305, 3)
(53, 86)
((0, 15, 15, 14, 18, 14, 16), 314, 4)
(54, 86)
((0, 19, 19, 19, 19, 14, 16), 318, 0)
(55, 87)
((0, 19, 21, 22, 21, 14, 16), 322, 1)
(56, 90)
((0, 19, 23, 23, 25, 14, 16), 326, 2)
(57, 93)
((0, 19, 23, 23, 29, 14, 16), 330, 3)
(58, 97)
((0, 19, 23, 23, 31, 31, 16), 334, 4)
(59, 99)
((0, 19, 32, 32, 32, 32, 16), 338, 0)
(60, 100)
((0, 19, 32, 32, 34, 35, 34), 342, 1)
(61, 103)
((1, 1, 3, 0, 2, 3, 2), 349, 2)
(62, 103)
((1, 5, 3, 0, 2, 3, 2), 355, 3)
(63, 105)
((0, 4, 4, 4, 1, 2, 1), 361, 4)
(64, 105)
((0, 4, 5, 5, 5, 5, 1), 365, 0)
(65, 106)
((5, 6, 5, 4, 4, 4, 0), 370, 1)
(66, 108)
((7, 7, 9, 4, 4, 4, 0), 374, 2)
(67, 111)
((7, 7, 13, 4, 4, 4, 0), 378, 3)
(68, 115)
((9, 9, 13, 4, 4, 4, 0), 388, 4)
(69, 115)
((14, 14, 14, 14, 4, 4, 0), 392, 0)
(70, 116)
((14, 14, 16, 17, 16, 4, 0), 396, 1)
(71, 119)
((14, 14, 18, 18, 20, 4, 0), 400, 2)
(72, 122)
((14, 14, 18, 22, 20, 4, 0), 406, 3)
(73, 124)
((14, 14, 18, 22, 22, 22, 0), 412, 4)
(74, 124)
((0, 0, 4, 9, 9, 9, 9), 416, 0)
(75, 125)
((0, 10, 11, 10, 9, 9, 9), 421, 1)
(76, 127)
((3, 3, 5, 1, 0, 0, 0), 425, 2)
(77, 130)
((3, 7, 5, 1, 0, 0, 0), 431, 3)
(78, 132)
((3, 7, 7, 7, 0, 0, 0), 437, 4)
(79, 132)
((0, 4, 4, 5, 5, 5, 5), 441, 0)
(80, 133)
((1, 2, 1, 0, 0, 0, 0), 446, 1)
(81, 135)
((1, 2, 2, 2, 4, 0, 0), 451, 2)
(82, 137)
((1, 2, 2, 2, 8, 0, 0), 455, 3)
(83, 141)
((1, 2, 2, 2, 10, 10, 0), 459, 4)
(84, 143)
((3, 3, 3, 3, 10, 10, 0), 471, 0)
(85, 143)
((0, 0, 0, 0, 9, 10, 9), 475, 1)
(86, 146)
((0, 1, 1, 3, 9, 10, 9), 489, 2)
(87, 146)
((0, 1, 1, 3, 13, 10, 9), 494, 3)
(88, 149)
((0, 3, 3, 3, 13, 10, 9), 510, 4)
(89, 149)
((0, 3, 3, 14, 14, 14, 14), 514, 0)
(90, 150)
((0, 3, 3, 16, 17, 16, 14), 518, 1)
(91, 153)
((0, 4, 4, 16, 17, 16, 14), 536, 2)
(92, 153)
((0, 8, 4, 16, 17, 16, 14), 553, 3)
(93, 153)
((0, 8, 8, 16, 17, 16, 14), 568, 4)
(94, 153)
((0, 8, 18, 18, 18, 18, 14), 572, 0)
(95, 154)
((0, 8, 18, 18, 20, 21, 20), 576, 1)
(96, 157)
((0, 8, 21, 21, 23, 21, 20), 581, 2)
(97, 159)
((0, 8, 25, 21, 23, 21, 20), 587, 3)
(98, 161)
((0, 20, 25, 21, 23, 21, 20), 598, 4)
(99, 161)
((0, 26, 26, 26, 26, 21, 20), 602, 0)
(100, 162)
((0, 26, 28, 29, 28, 21, 20), 606, 1)
(101, 165)
((0, 26, 28, 29, 29, 29, 31), 611, 2)
(102, 167)
((0, 30, 28, 29, 29, 29, 31), 620, 3)
(103, 167)
((0, 30, 28, 29, 31, 31, 31), 626, 4)
(104, 167)
((0, 30, 28, 32, 32, 32, 32), 630, 0)
(105, 168)
((0, 30, 28, 32, 34, 35, 34), 634, 1)
(106, 171)
((0, 33, 33, 35, 34, 35, 34), 641, 2)
(107, 171)
((0, 33, 37, 35, 34, 35, 34), 647, 3)
(108, 173)
((0, 39, 39, 35, 34, 35, 34), 651, 4)
(109, 175)
((0, 39, 40, 40, 40, 40, 34), 655, 0)
(110, 176)
((0, 39, 42, 43, 42, 40, 34), 659, 1)
(111, 179)
((0, 39, 42, 44, 44, 46, 34), 663, 2)
(112, 182)
((0, 43, 42, 44, 44, 46, 34), 674, 3)
(113, 182)
((0, 43, 46, 46, 44, 46, 34), 680, 4)
(114, 182)
((13, 13, 13, 13, 10, 12, 0), 684, 0)
(115, 183)
((13, 13, 13, 14, 15, 14, 0), 689, 1)
(116, 185)
((14, 14, 16, 14, 15, 14, 0), 695, 2)
(117, 186)
((14, 18, 16, 14, 15, 14, 0), 701, 3)
(118, 188)
((14, 20, 20, 14, 15, 14, 0), 705, 4)
(119, 190)
((0, 6, 6, 2, 2, 2, 2), 714, 0)
(120, 190)
((6, 7, 6, 0, 0, 0, 0), 718, 1)
(121, 193)
((6, 7, 7, 7, 9, 0, 0), 723, 2)
(122, 195)
((6, 7, 7, 7, 9, 4, 0), 736, 3)
(123, 195)
((6, 9, 9, 7, 9, 4, 0), 742, 4)
(124, 195)
((6, 10, 10, 10, 10, 4, 0), 746, 0)
(125, 196)
((6, 10, 12, 13, 12, 4, 0), 750, 1)
(126, 199)
((0, 4, 6, 7, 7, 7, 9), 755, 2)
(127, 201)
((0, 4, 6, 7, 11, 7, 9), 761, 3)
(128, 203)
((0, 0, 0, 1, 5, 1, 3), 772, 4)
(129, 203)
((0, 0, 6, 6, 6, 6, 3), 776, 0)
(130, 204)
((0, 0, 6, 8, 9, 8, 3), 780, 1)
(131, 207)
((0, 0, 10, 10, 12, 8, 3), 784, 2)
(132, 210)
((0, 0, 10, 10, 16, 8, 3), 788, 3)
(133, 214)
((0, 12, 12, 10, 16, 8, 3), 798, 4)
(134, 214)
((0, 12, 12, 17, 17, 17, 17), 802, 0)
(135, 215)
((0, 14, 15, 17, 17, 17, 17), 811, 1)
(136, 215)
((0, 14, 18, 18, 20, 17, 17), 815, 2)
(137, 218)
((0, 14, 18, 18, 20, 17, 17), 839, 3)
(138, 218)
((0, 20, 20, 18, 20, 17, 17), 845, 4)
(139, 218)
((4, 4, 4, 4, 3, 0, 0), 849, 0)
(140, 219)
((4, 4, 6, 7, 6, 0, 0), 853, 1)
(141, 222)
((0, 0, 2, 3, 3, 3, 5), 858, 2)
(142, 224)
((0, 4, 2, 3, 3, 3, 5), 867, 3)
(143, 224)
((0, 6, 6, 3, 3, 3, 5), 872, 4)
(144, 225)
((0, 6, 7, 7, 7, 7, 5), 876, 0)
(145, 226)
((3, 4, 3, 2, 2, 2, 0), 881, 1)
(146, 228)
((1, 2, 1, 0, 1, 1, 3), 887, 2)
(147, 229)
((5, 2, 1, 0, 1, 1, 3), 893, 3)
(148, 231)
((4, 1, 0, 2, 2, 0, 2), 901, 4)
(149, 231)
((4, 3, 3, 3, 3, 0, 2), 907, 0)
(150, 231)
((4, 5, 6, 5, 3, 0, 2), 912, 1)
(151, 233)
((7, 7, 9, 5, 3, 0, 2), 916, 2)
(152, 236)
((5, 5, 7, 3, 1, 2, 0), 929, 3)
(153, 236)
((5, 5, 9, 9, 1, 2, 0), 933, 4)
(154, 238)
((5, 10, 10, 10, 10, 2, 0), 937, 0)
(155, 239)
((12, 13, 12, 10, 10, 2, 0), 941, 1)
(156, 242)
((12, 13, 12, 11, 11, 13, 0), 948, 2)
(157, 242)
((12, 17, 12, 11, 11, 13, 0), 952, 3)
(158, 246)
((12, 17, 12, 11, 15, 15, 0), 960, 4)
(159, 246)
((12, 17, 16, 16, 16, 16, 0), 966, 0)
(160, 246)
((12, 17, 16, 18, 19, 18, 0), 971, 1)
(161, 248)
((18, 18, 20, 18, 19, 18, 0), 977, 2)
(162, 249)
((22, 18, 20, 18, 19, 18, 0), 983, 3)
(163, 251)
((24, 24, 20, 18, 19, 18, 0), 987, 4)
(164, 253)
((24, 24, 21, 21, 21, 21, 0), 995, 0)
(165, 253)
((24, 24, 23, 24, 23, 21, 0), 1002, 1)
(166, 253)
((25, 25, 27, 24, 23, 21, 0), 1006, 2)
(167, 256)
((25, 29, 27, 24, 23, 21, 0), 1012, 3)
(168, 258)
((31, 31, 27, 24, 23, 21, 0), 1016, 4)
(169, 260)
((31, 31, 28, 28, 28, 28, 0), 1024, 0)
(170, 260)
((3, 3, 0, 0, 2, 3, 2), 1031, 1)
(171, 260)
((1, 1, 1, 1, 3, 1, 0), 1036, 2)
(172, 262)
((1, 5, 1, 1, 3, 1, 0), 1042, 3)
(173, 264)
((0, 4, 0, 0, 2, 2, 2), 1050, 4)
(174, 264)
((0, 4, 3, 3, 3, 3, 2), 1056, 0)
(175, 264)
((0, 4, 3, 5, 6, 5, 2), 1061, 1)
(176, 266)
((0, 4, 3, 5, 7, 7, 9), 1065, 2)
(177, 269)
((0, 4, 3, 9, 7, 7, 9), 1073, 3)
(178, 269)
((0, 4, 3, 9, 9, 9, 9), 1079, 4)
(179, 269)
((0, 10, 10, 10, 10, 9, 9), 1083, 0)
(180, 270)
((0, 10, 12, 13, 12, 9, 9), 1087, 1)
(181, 273)
((4, 4, 6, 4, 3, 0, 0), 1092, 2)
(182, 275)
((4, 8, 6, 4, 3, 0, 0), 1098, 3)
(183, 277)
((4, 8, 8, 8, 3, 0, 0), 1104, 4)
(184, 277)
((4, 9, 9, 9, 9, 0, 0), 1108, 0)
(185, 278)
((4, 9, 11, 12, 11, 0, 0), 1112, 1)
(186, 281)
((4, 9, 13, 13, 15, 0, 0), 1116, 2)
(187, 284)
((8, 9, 13, 13, 15, 0, 0), 1131, 3)
(188, 284)
((8, 9, 15, 15, 15, 0, 0), 1137, 4)
(189, 284)
((16, 16, 16, 16, 15, 0, 0), 1141, 0)
(190, 285)
((16, 16, 18, 19, 18, 0, 0), 1145, 1)
(191, 288)
((16, 16, 20, 20, 22, 0, 0), 1149, 2)
(192, 291)
((20, 16, 20, 20, 22, 0, 0), 1159, 3)
(193, 291)
((22, 22, 20, 20, 22, 0, 0), 1165, 4)
(194, 291)
((22, 22, 23, 23, 23, 23, 0), 1169, 0)
(195, 292)
((24, 25, 24, 23, 23, 23, 0), 1174, 1)
(196, 294)
((24, 25, 25, 25, 27, 23, 0), 1179, 2)
(197, 296)
((24, 25, 25, 25, 31, 23, 0), 1183, 3)
(198, 300)
((24, 27, 27, 25, 31, 23, 0), 1193, 4)
(199, 300)
((24, 32, 32, 32, 32, 23, 0), 1197, 0)
(200, 301)
((0, 8, 8, 8, 9, 10, 9), 1202, 1)
(201, 303)
((0, 8, 10, 10, 12, 10, 9), 1207, 2)
(202, 305)
((0, 8, 14, 10, 12, 10, 9), 1213, 3)
(203, 307)
((1, 1, 5, 1, 3, 1, 0), 1223, 4)
(204, 307)
((1, 1, 6, 6, 6, 6, 0), 1227, 0)
(205, 308)
((1, 1, 8, 9, 8, 6, 0), 1231, 1)
(206, 311)
((0, 0, 7, 8, 8, 8, 10), 1236, 2)
(207, 313)
((0, 0, 7, 8, 8, 12, 10), 1242, 3)
(208, 315)
((0, 9, 9, 8, 8, 12, 10), 1251, 4)
(209, 315)
((0, 9, 9, 13, 13, 13, 13), 1255, 0)
(210, 316)
((0, 9, 9, 15, 16, 15, 13), 1259, 1)
(211, 319)
((0, 0, 2, 5, 6, 5, 3), 1270, 2)
(212, 319)
((0, 0, 2, 5, 6, 9, 3), 1275, 3)
(213, 322)
((0, 0, 2, 5, 11, 11, 3), 1279, 4)
(214, 324)
((0, 12, 12, 12, 12, 11, 3), 1283, 0)
(215, 325)
((0, 12, 12, 14, 15, 14, 3), 1287, 1)
(216, 328)
((0, 12, 12, 14, 16, 16, 18), 1291, 2)
(217, 331)
((0, 8, 8, 10, 12, 12, 14), 1313, 3)
(218, 331)
((0, 8, 8, 10, 12, 16, 16), 1317, 4)
(219, 333)
((0, 13, 13, 13, 13, 16, 16), 1325, 0)
(220, 333)
((0, 13, 15, 16, 15, 16, 16), 1332, 1)
(221, 333)
((0, 13, 17, 17, 19, 16, 16), 1336, 2)
(222, 336)
((0, 17, 17, 17, 19, 16, 16), 1346, 3)
(223, 336)
((0, 17, 19, 19, 19, 16, 16), 1352, 4)
(224, 336)
((4, 4, 4, 4, 3, 0, 0), 1356, 0)
(225, 337)
((4, 4, 6, 7, 6, 0, 0), 1360, 1)
(226, 340)
((4, 4, 8, 8, 10, 0, 0), 1364, 2)
(227, 343)
((4, 4, 8, 12, 10, 0, 0), 1370, 3)
(228, 345)
((6, 6, 8, 12, 10, 0, 0), 1382, 4)
(229, 345)
((13, 13, 13, 13, 10, 0, 0), 1386, 0)
(230, 346)
((13, 13, 13, 14, 15, 14, 0), 1391, 1)
(231, 348)
((13, 13, 16, 16, 18, 14, 0), 1395, 2)
(232, 351)
((13, 17, 16, 16, 18, 14, 0), 1404, 3)
(233, 351)
((19, 19, 16, 16, 18, 14, 0), 1409, 4)
(234, 352)
((19, 19, 19, 19, 19, 19, 0), 1414, 0)
(235, 352)
((0, 0, 0, 0, 2, 3, 2), 1418, 1)
(236, 355)
((0, 0, 3, 3, 5, 3, 2), 1423, 2)
(237, 357)
((0, 0, 7, 3, 5, 3, 2), 1429, 3)
(238, 359)
((0, 0, 9, 9, 5, 3, 2), 1433, 4)
(239, 361)
((0, 0, 9, 10, 10, 10, 10), 1437, 0)
(240, 362)
((0, 0, 12, 13, 12, 10, 10), 1441, 1)
(241, 365)
((0, 0, 14, 14, 16, 10, 10), 1445, 2)
(242, 368)
((0, 0, 14, 18, 16, 10, 10), 1451, 3)
(243, 370)
((0, 0, 20, 20, 16, 10, 10), 1455, 4)
(244, 372)
((11, 11, 11, 11, 6, 0, 0), 1459, 0)
(245, 373)
((11, 13, 14, 13, 6, 0, 0), 1463, 1)
(246, 376)
((11, 13, 14, 14, 14, 16, 0), 1468, 2)
(247, 378)
((11, 13, 14, 14, 18, 16, 0), 1474, 3)
(248, 380)
((11, 13, 14, 14, 20, 20, 0), 1478, 4)
(249, 382)
((15, 15, 15, 15, 20, 20, 0), 1488, 0)
(250, 382)
((15, 17, 18, 17, 20, 20, 0), 1497, 1)
(251, 382)
((15, 17, 21, 21, 23, 20, 0), 1501, 2)
(252, 385)
((15, 17, 21, 21, 27, 20, 0), 1505, 3)
(253, 389)
((15, 23, 23, 21, 27, 20, 0), 1515, 4)
(254, 389)
((15, 28, 28, 28, 28, 20, 0), 1519, 0)
(255, 390)
((15, 28, 28, 30, 31, 30, 0), 1523, 1)
(256, 393)
((15, 31, 31, 33, 31, 30, 0), 1528, 2)
(257, 395)
((15, 31, 31, 33, 31, 30, 0), 1548, 3)
(258, 395)
((15, 31, 35, 35, 31, 30, 0), 1552, 4)
(259, 397)
((0, 16, 20, 21, 21, 21, 21), 1556, 0)
(260, 398)
((0, 16, 23, 24, 23, 21, 21), 1560, 1)
(261, 401)
((0, 16, 23, 24, 24, 24, 26), 1565, 2)
(262, 403)
((0, 16, 23, 24, 28, 24, 26), 1571, 3)
(263, 405)
((0, 16, 26, 26, 28, 24, 26), 1579, 4)
(264, 405)
((3, 3, 3, 3, 4, 0, 2), 1585, 0)
(265, 405)
((3, 5, 6, 5, 4, 0, 2), 1590, 1)
(266, 407)
((3, 5, 7, 7, 9, 0, 2), 1594, 2)
(267, 410)
((7, 5, 7, 7, 9, 0, 2), 1604, 3)
(268, 410)
((5, 3, 5, 5, 9, 9, 0), 1608, 4)
(269, 412)
((5, 10, 10, 10, 10, 9, 0), 1612, 0)
(270, 413)
((5, 10, 10, 12, 13, 12, 0), 1616, 1)
(271, 416)
((5, 13, 13, 15, 13, 12, 0), 1621, 2)
(272, 418)
((5, 13, 17, 15, 13, 12, 0), 1627, 3)
(273, 420)
((15, 15, 17, 15, 13, 12, 0), 1635, 4)
(274, 420)
((0, 0, 2, 1, 1, 1, 1), 1641, 0)
(275, 420)
((0, 0, 2, 3, 4, 3, 1), 1646, 1)
(276, 422)
((0, 0, 2, 3, 5, 5, 7), 1650, 2)
(277, 425)
((4, 0, 2, 3, 5, 5, 7), 1661, 3)
(278, 425)
((4, 0, 2, 3, 7, 7, 7), 1667, 4)
(279, 425)
((0, 0, 0, 0, 2, 2, 2), 1674, 0)
(280, 425)
((0, 0, 0, 4, 5, 4, 2), 1678, 1)
(281, 428)
((0, 0, 0, 4, 6, 6, 8), 1682, 2)
(282, 431)
((0, 0, 0, 4, 6, 10, 8), 1688, 3)
(283, 433)
((2, 2, 0, 4, 6, 10, 8), 1702, 4)
(284, 433)
((2, 2, 0, 11, 11, 11, 11), 1706, 0)
(285, 434)
((0, 0, 11, 12, 11, 9, 9), 1710, 1)
(286, 437)
((0, 0, 13, 13, 15, 9, 9), 1714, 2)
(287, 440)
((0, 4, 13, 13, 15, 9, 9), 1733, 3)
(288, 440)
((0, 15, 15, 13, 15, 9, 9), 1739, 4)
(289, 440)
((0, 15, 15, 16, 16, 16, 16), 1743, 0)
(290, 441)
((0, 15, 18, 19, 18, 16, 16), 1747, 1)
(291, 444)
((0, 15, 20, 20, 22, 16, 16), 1751, 2)
(292, 447)
((0, 15, 24, 20, 22, 16, 16), 1757, 3)
(293, 449)
((0, 15, 24, 20, 22, 18, 18), 1769, 4)
(294, 449)
((7, 7, 7, 7, 4, 0, 0), 1773, 0)
(295, 450)
((7, 7, 7, 8, 9, 8, 0), 1778, 1)
(296, 452)
((7, 7, 10, 10, 12, 8, 0), 1782, 2)
(297, 455)
((7, 7, 10, 10, 16, 8, 0), 1786, 3)
(298, 459)
((7, 12, 12, 10, 16, 8, 0), 1796, 4)
(299, 459)
((7, 12, 17, 17, 17, 17, 0), 1800, 0)
(300, 460)
((7, 12, 19, 20, 19, 17, 0), 1804, 1)
(301, 463)
((7, 12, 21, 21, 23, 17, 0), 1808, 2)
(302, 466)
((7, 12, 21, 25, 23, 17, 0), 1814, 3)
(303, 468)
((7, 12, 27, 27, 23, 17, 0), 1818, 4)
(304, 470)
((7, 12, 28, 28, 28, 28, 0), 1822, 0)
(305, 471)
((29, 30, 29, 28, 28, 28, 0), 1827, 1)
(306, 473)
((29, 30, 29, 29, 29, 31, 0), 1833, 2)
(307, 474)
((29, 30, 29, 29, 29, 31, 0), 1851, 3)
(308, 474)
((29, 30, 29, 29, 33, 33, 0), 1855, 4)
(309, 476)
((29, 31, 31, 31, 33, 33, 0), 1862, 0)
(310, 476)
((0, 2, 2, 2, 6, 7, 6), 1866, 1)
(311, 479)
((1, 1, 3, 0, 4, 5, 4), 1875, 2)
(312, 479)
((5, 1, 3, 0, 4, 5, 4), 1883, 3)
(313, 479)
((5, 1, 3, 0, 7, 7, 4), 1887, 4)
(314, 481)
((2, 2, 2, 2, 3, 3, 0), 1893, 0)
(315, 481)
((0, 0, 0, 0, 3, 4, 3), 1897, 1)
(316, 484)
((0, 0, 4, 4, 6, 4, 3), 1902, 2)
(317, 486)
((0, 0, 4, 8, 6, 4, 3), 1908, 3)
(318, 488)
((0, 0, 2, 6, 4, 2, 1), 1920, 4)
(319, 488)
((0, 0, 2, 7, 7, 7, 7), 1924, 0)
(320, 489)
((0, 8, 9, 8, 7, 7, 7), 1929, 1)
(321, 491)
((3, 3, 5, 1, 0, 0, 0), 1933, 2)
(322, 494)
((3, 3, 5, 5, 0, 0, 0), 1941, 3)
(323, 494)
((3, 3, 7, 7, 0, 0, 0), 1945, 4)
(324, 496)
((8, 8, 8, 8, 0, 0, 0), 1949, 0)
(325, 497)
((10, 11, 10, 8, 0, 0, 0), 1953, 1)
(326, 500)
((10, 11, 11, 11, 13, 0, 0), 1958, 2)
(327, 502)
((10, 11, 11, 11, 17, 0, 0), 1962, 3)
(328, 506)
((10, 11, 11, 11, 19, 19, 0), 1966, 4)
(329, 508)
((10, 20, 20, 20, 20, 19, 0), 1970, 0)
(330, 509)
((10, 20, 22, 23, 22, 19, 0), 1974, 1)
(331, 512)
((10, 24, 24, 26, 22, 19, 0), 1978, 2)
(332, 515)
((10, 28, 24, 26, 22, 19, 0), 1984, 3)
(333, 517)
((30, 30, 24, 26, 22, 19, 0), 1988, 4)
(334, 519)
((30, 31, 31, 31, 31, 19, 0), 1992, 0)
(335, 520)
((33, 34, 33, 31, 31, 19, 0), 1996, 1)
(336, 523)
((2, 3, 2, 0, 1, 1, 3), 2003, 2)
(337, 523)
((1, 2, 1, 3, 0, 0, 2), 2010, 3)
(338, 524)
((0, 1, 0, 2, 1, 1, 1), 2017, 4)
(339, 524)
((0, 1, 0, 3, 3, 3, 3), 2021, 0)
(340, 525)
((0, 1, 5, 6, 5, 3, 3), 2025, 1)
(341, 528)
((0, 1, 5, 6, 6, 6, 8), 2030, 2)
(342, 530)
((0, 5, 5, 6, 6, 6, 8), 2041, 3)
(343, 530)
((0, 7, 7, 6, 6, 6, 8), 2048, 4)
(344, 530)
((2, 2, 2, 2, 0, 0, 2), 2053, 0)
(345, 530)
((4, 5, 4, 2, 0, 0, 2), 2057, 1)
(346, 533)
((6, 6, 8, 2, 0, 0, 2), 2061, 2)
(347, 536)
((6, 6, 12, 2, 0, 0, 2), 2065, 3)
(348, 540)
((6, 6, 14, 14, 0, 0, 2), 2069, 4)
(349, 542)
((0, 0, 8, 9, 9, 9, 9), 2073, 0)
(350, 543)
((0, 0, 11, 12, 11, 9, 9), 2077, 1)
(351, 546)
((3, 3, 5, 3, 2, 0, 0), 2082, 2)
(352, 548)
((3, 3, 5, 3, 2, 0, 4), 2091, 3)
(353, 548)
((5, 5, 5, 3, 2, 0, 4), 2097, 4)
(354, 548)
((1, 1, 2, 2, 2, 2, 0), 2101, 0)
(355, 549)
((0, 0, 1, 1, 3, 4, 3), 2105, 1)
(356, 552)
((0, 0, 4, 4, 6, 4, 3), 2110, 2)
(357, 554)
((0, 0, 8, 4, 6, 4, 3), 2116, 3)
(358, 556)
((0, 0, 6, 2, 4, 2, 1), 2128, 4)
(359, 556)
((6, 6, 6, 6, 3, 1, 0), 2132, 0)
(360, 557)
((6, 6, 8, 9, 8, 1, 0), 2136, 1)
(361, 560)
((6, 6, 10, 10, 12, 1, 0), 2140, 2)
(362, 563)
((6, 6, 14, 10, 12, 1, 0), 2146, 3)
(363, 565)
((8, 8, 14, 10, 12, 1, 0), 2158, 4)
(364, 565)
((15, 15, 15, 15, 12, 1, 0), 2162, 0)
(365, 566)
((15, 15, 15, 15, 15, 14, 0), 2169, 1)
(366, 566)
((15, 15, 16, 16, 18, 14, 0), 2173, 2)
(367, 569)
((15, 19, 16, 16, 18, 14, 0), 2180, 3)
(368, 570)
((15, 19, 18, 18, 18, 14, 0), 2187, 4)
(369, 570)
((0, 4, 3, 4, 4, 4, 4), 2192, 0)
(370, 570)
((2, 3, 2, 0, 0, 0, 0), 2196, 1)
(371, 573)
((2, 3, 3, 3, 5, 0, 0), 2201, 2)
(372, 575)
((6, 3, 3, 3, 5, 0, 0), 2208, 3)
(373, 576)
((8, 8, 3, 3, 5, 0, 0), 2212, 4)
(374, 578)
((8, 9, 9, 9, 9, 0, 0), 2216, 0)
(375, 579)
((0, 1, 1, 1, 2, 3, 2), 2221, 1)
(376, 581)
((0, 1, 1, 1, 4, 4, 6), 2225, 2)
(377, 584)
((0, 1, 1, 5, 4, 4, 6), 2234, 3)
(378, 584)
((0, 1, 1, 7, 7, 4, 6), 2239, 4)
(379, 585)
((0, 1, 8, 8, 8, 8, 6), 2243, 0)
(380, 586)
((0, 1, 10, 11, 10, 8, 6), 2247, 1)
(381, 589)
((0, 1, 12, 12, 14, 8, 6), 2251, 2)
(382, 592)
((0, 1, 12, 12, 18, 8, 6), 2255, 3)
(383, 596)
((0, 14, 14, 12, 18, 8, 6), 2265, 4)
(384, 596)
((0, 14, 19, 19, 19, 19, 6), 2269, 0)
(385, 597)
((0, 14, 21, 22, 21, 19, 6), 2273, 1)
(386, 600)
((0, 14, 21, 22, 22, 22, 24), 2278, 2)
(387, 602)
((0, 14, 21, 26, 22, 22, 24), 2284, 3)
(388, 604)
((0, 0, 5, 10, 6, 6, 8), 2300, 4)
(389, 604)
((0, 0, 11, 11, 11, 11, 8), 2304, 0)
(390, 605)
((0, 13, 14, 13, 11, 11, 8), 2308, 1)
(391, 608)
((0, 13, 15, 15, 17, 11, 8), 2312, 2)
(392, 611)
((0, 13, 15, 15, 21, 11, 8), 2316, 3)
(393, 615)
((7, 7, 7, 7, 13, 3, 0), 2328, 4)
(394, 615)
((7, 7, 14, 14, 14, 14, 0), 2332, 0)
(395, 616)
((7, 7, 16, 17, 16, 14, 0), 2336, 1)
(396, 619)
((17, 17, 19, 17, 16, 14, 0), 2341, 2)
(397, 621)
((17, 17, 19, 17, 16, 14, 0), 2361, 3)
(398, 621)
((17, 21, 21, 17, 16, 14, 0), 2365, 4)
(399, 623)
((0, 4, 4, 1, 1, 1, 1), 2373, 0)
(400, 623)
((0, 4, 5, 6, 5, 1, 1), 2378, 1)
(401, 625)
((0, 4, 7, 7, 9, 1, 1), 2382, 2)
(402, 628)
((0, 8, 7, 7, 9, 1, 1), 2391, 3)
(403, 628)
((0, 8, 7, 7, 11, 11, 1), 2395, 4)
(404, 630)
((0, 12, 12, 12, 12, 11, 1), 2399, 0)
(405, 631)
((0, 12, 14, 15, 14, 11, 1), 2403, 1)
(406, 634)
((0, 12, 14, 15, 15, 15, 17), 2408, 2)
(407, 636)
((0, 12, 18, 15, 15, 15, 17), 2415, 3)
(408, 637)
((0, 12, 20, 20, 15, 15, 17), 2419, 4)
(409, 639)
((0, 12, 21, 21, 21, 21, 17), 2423, 0)
(410, 640)
((5, 6, 5, 4, 4, 4, 0), 2428, 1)
(411, 642)
((7, 7, 9, 4, 4, 4, 0), 2432, 2)
(412, 645)
((7, 7, 9, 8, 4, 4, 0), 2441, 3)
(413, 645)
((7, 7, 11, 11, 4, 4, 0), 2445, 4)
(414, 647)
((7, 7, 12, 12, 12, 12, 0), 2449, 0)
(415, 648)
((13, 14, 13, 12, 12, 12, 0), 2454, 1)
(416, 650)
((13, 14, 13, 13, 13, 15, 0), 2460, 2)
(417, 651)
((9, 10, 9, 9, 9, 11, 0), 2479, 3)
(418, 651)
((9, 10, 9, 9, 13, 13, 0), 2483, 4)
(419, 653)
((9, 10, 14, 14, 14, 14, 0), 2487, 0)
(420, 654)
((9, 10, 16, 17, 16, 14, 0), 2491, 1)
(421, 657)
((9, 18, 18, 20, 16, 14, 0), 2495, 2)
(422, 660)
((9, 22, 18, 20, 16, 14, 0), 2501, 3)
(423, 662)
((9, 22, 18, 20, 18, 18, 0), 2511, 4)
(424, 662)
((9, 22, 21, 21, 21, 21, 0), 2517, 0)
(425, 662)
((24, 25, 24, 21, 21, 21, 0), 2521, 1)
(426, 665)
((3, 4, 3, 0, 1, 1, 3), 2529, 2)
(427, 665)
((3, 4, 3, 0, 1, 5, 3), 2536, 3)
(428, 666)
((0, 1, 0, 0, 0, 2, 0), 2544, 4)
(429, 666)
((0, 1, 3, 3, 3, 3, 0), 2548, 0)
(430, 667)
((0, 1, 5, 6, 5, 3, 0), 2552, 1)
(431, 670)
((0, 7, 7, 9, 5, 3, 0), 2556, 2)
(432, 673)
((0, 7, 7, 9, 5, 7, 0), 2566, 3)
(433, 673)
((0, 7, 11, 11, 5, 7, 0), 2570, 4)
(434, 675)
((0, 7, 11, 12, 12, 12, 12), 2574, 0)
(435, 676)
((0, 1, 0, 0, 0, 0, 0), 2580, 1)
(436, 677)
((0, 1, 1, 1, 3, 0, 0), 2585, 2)
(437, 679)
((0, 1, 1, 1, 3, 4, 0), 2592, 3)
(438, 680)
((0, 1, 1, 1, 6, 6, 0), 2596, 4)
(439, 682)
((0, 1, 7, 7, 7, 7, 0), 2600, 0)
(440, 683)
((0, 1, 9, 10, 9, 7, 0), 2604, 1)
(441, 686)
((0, 1, 11, 11, 13, 7, 0), 2608, 2)
(442, 689)
((0, 1, 15, 11, 13, 7, 0), 2614, 3)
(443, 691)
((0, 17, 17, 11, 13, 7, 0), 2618, 4)
(444, 693)
((0, 17, 18, 18, 18, 18, 0), 2622, 0)
(445, 694)
((0, 20, 21, 20, 18, 18, 0), 2626, 1)
(446, 697)
((0, 20, 22, 22, 24, 18, 0), 2630, 2)
(447, 700)
((0, 24, 22, 22, 24, 18, 0), 2638, 3)
(448, 700)
((0, 24, 22, 22, 26, 26, 0), 2642, 4)
(449, 702)
((0, 27, 27, 27, 27, 26, 0), 2646, 0)
(450, 703)
((0, 27, 29, 30, 29, 26, 0), 2650, 1)
(451, 706)
((0, 31, 31, 33, 29, 26, 0), 2654, 2)
(452, 709)
((0, 35, 31, 33, 29, 26, 0), 2660, 3)
(453, 711)
((0, 35, 35, 35, 29, 26, 0), 2666, 4)
(454, 711)
((0, 36, 36, 36, 36, 26, 0), 2670, 0)
(455, 712)
((0, 36, 36, 38, 39, 38, 0), 2674, 1)
(456, 715)
((0, 39, 39, 41, 39, 38, 0), 2679, 2)
(457, 717)
((0, 43, 39, 41, 39, 38, 0), 2685, 3)
(458, 719)
((0, 43, 39, 43, 43, 38, 0), 2691, 4)
(459, 719)
((0, 44, 44, 44, 44, 38, 0), 2695, 0)
(460, 720)
((0, 44, 44, 44, 45, 46, 45), 2700, 1)
(461, 722)
((1, 1, 3, 0, 1, 2, 1), 2706, 2)
(462, 723)
((1, 1, 3, 0, 1, 6, 1), 2711, 3)
(463, 726)
((3, 3, 3, 0, 1, 6, 1), 2720, 4)
(464, 726)
((0, 0, 0, 4, 4, 4, 4), 2724, 0)
(465, 727)
((0, 0, 0, 6, 7, 6, 4), 2728, 1)
(466, 730)
((0, 0, 2, 5, 6, 5, 3), 2739, 2)
(467, 730)
((4, 0, 2, 5, 6, 5, 3), 2749, 3)
(468, 730)
((4, 0, 2, 5, 8, 8, 3), 2753, 4)
(469, 732)
((3, 3, 3, 3, 5, 5, 0), 2760, 0)
(470, 732)
((5, 6, 5, 3, 5, 5, 0), 2766, 1)
(471, 733)
((5, 6, 5, 6, 6, 8, 0), 2771, 2)
(472, 735)
((9, 6, 5, 6, 6, 8, 0), 2778, 3)
(473, 736)
((9, 6, 5, 8, 8, 8, 0), 2785, 4)
(474, 736)
((4, 1, 0, 4, 4, 4, 4), 2790, 0)
(475, 736)
((3, 0, 5, 6, 5, 3, 3), 2794, 1)
(476, 739)
((3, 0, 7, 7, 9, 3, 3), 2798, 2)
(477, 742)
((3, 0, 7, 11, 9, 3, 3), 2804, 3)
(478, 744)
((3, 0, 13, 13, 9, 3, 3), 2808, 4)
(479, 746)
((0, 11, 11, 11, 11, 0, 0), 2812, 0)
(480, 747)
((13, 14, 13, 11, 11, 0, 0), 2816, 1)
(481, 750)
((2, 3, 2, 0, 1, 1, 3), 2823, 2)
(482, 750)
((2, 7, 2, 0, 1, 1, 3), 2827, 3)
(483, 754)
((1, 6, 3, 3, 0, 0, 2), 2836, 4)
(484, 754)
((7, 7, 7, 7, 0, 0, 2), 2840, 0)
(485, 755)
((5, 5, 5, 5, 3, 2, 0), 2849, 1)
(486, 755)
((5, 5, 6, 6, 8, 2, 0), 2853, 2)
(487, 758)
((5, 5, 6, 6, 12, 2, 0), 2857, 3)
(488, 762)
((7, 7, 6, 6, 12, 2, 0), 2868, 4)
(489, 762)
((7, 13, 13, 13, 13, 2, 0), 2872, 0)
(490, 763)
((7, 13, 15, 16, 15, 2, 0), 2876, 1)
(491, 766)
((7, 13, 17, 17, 19, 2, 0), 2880, 2)
(492, 769)
((7, 13, 17, 21, 19, 2, 0), 2886, 3)
(493, 771)
((7, 13, 23, 23, 19, 2, 0), 2890, 4)
(494, 773)
((7, 13, 24, 24, 24, 24, 0), 2894, 0)
(495, 774)
((7, 13, 26, 27, 26, 24, 0), 2898, 1)
(496, 777)
((7, 13, 28, 28, 30, 24, 0), 2902, 2)
(497, 780)
((7, 13, 28, 32, 30, 24, 0), 2908, 3)
(498, 782)
((7, 13, 34, 34, 30, 24, 0), 2912, 4)
(499, 784)
((7, 13, 35, 35, 35, 35, 0), 2916, 0)
(500, 785)
((7, 13, 37, 38, 37, 35, 0), 2920, 1)
(501, 788)
((7, 39, 39, 41, 37, 35, 0), 2924, 2)
(502, 791)
((7, 39, 39, 41, 37, 35, 0), 2945, 3)
(503, 791)
((0, 32, 32, 34, 30, 30, 30), 2955, 4)
(504, 791)
((5, 5, 5, 5, 0, 0, 0), 2959, 0)
(505, 792)
((5, 7, 8, 7, 0, 0, 0), 2963, 1)
(506, 795)
((9, 9, 11, 7, 0, 0, 0), 2967, 2)
(507, 798)
((9, 9, 11, 7, 0, 4, 0), 2982, 3)
(508, 798)
((9, 9, 13, 13, 0, 4, 0), 2986, 4)
(509, 800)
((9, 14, 14, 14, 14, 4, 0), 2990, 0)
(510, 801)
((16, 17, 16, 14, 14, 4, 0), 2994, 1)
(511, 804)
((16, 17, 16, 15, 15, 17, 0), 3001, 2)
(512, 804)
((16, 21, 16, 15, 15, 17, 0), 3005, 3)
(513, 808)
((16, 21, 18, 18, 15, 17, 0), 3014, 4)
(514, 808)
((22, 22, 22, 22, 15, 17, 0), 3018, 0)
(515, 809)
((22, 22, 22, 22, 20, 17, 0), 3026, 1)
(516, 809)
((22, 22, 22, 23, 23, 25, 0), 3030, 2)
(517, 812)
((22, 22, 22, 27, 23, 25, 0), 3036, 3)
(518, 814)
((22, 22, 29, 29, 23, 25, 0), 3040, 4)
(519, 816)
((22, 22, 30, 30, 30, 30, 0), 3044, 0)
(520, 817)
((0, 0, 8, 8, 10, 11, 10), 3048, 1)
(521, 820)
((0, 9, 9, 11, 10, 11, 10), 3055, 2)
(522, 820)
((0, 9, 9, 11, 14, 11, 10), 3060, 3)
(523, 823)
((2, 2, 0, 2, 5, 2, 1), 3069, 4)
(524, 823)
((1, 1, 5, 5, 5, 5, 0), 3073, 0)
(525, 824)
((0, 0, 4, 4, 6, 7, 6), 3077, 1)
(526, 827)
((1, 1, 3, 0, 2, 3, 2), 3084, 2)
(527, 827)
((1, 1, 7, 0, 2, 3, 2), 3088, 3)
(528, 831)
((0, 0, 6, 3, 3, 2, 1), 3097, 4)
(529, 831)
((0, 0, 7, 7, 7, 7, 1), 3101, 0)
(530, 832)
((0, 9, 10, 9, 7, 7, 1), 3105, 1)
(531, 835)
((0, 9, 10, 10, 10, 12, 1), 3110, 2)
(532, 837)
((0, 9, 10, 10, 10, 12, 1), 3126, 3)
(533, 837)
((0, 9, 12, 12, 10, 12, 1), 3132, 4)
(534, 837)
((12, 12, 12, 12, 9, 11, 0), 3136, 0)
(535, 838)
((0, 0, 0, 0, 1, 2, 1), 3141, 1)
(536, 840)
((0, 0, 0, 0, 3, 3, 5), 3145, 2)
(537, 843)
((0, 0, 0, 0, 7, 3, 5), 3151, 3)
(538, 845)
((0, 0, 2, 2, 7, 3, 5), 3162, 4)
(539, 845)
((0, 0, 8, 8, 8, 8, 5), 3166, 0)
(540, 846)
((0, 0, 10, 11, 10, 8, 5), 3170, 1)
(541, 849)
((0, 0, 10, 11, 11, 11, 13), 3175, 2)
(542, 851)
((0, 0, 10, 11, 15, 11, 13), 3181, 3)
(543, 853)
((0, 4, 10, 11, 15, 11, 13), 3198, 4)
(544, 853)
((0, 4, 16, 16, 16, 16, 13), 3202, 0)
(545, 854)
((0, 18, 19, 18, 16, 16, 13), 3206, 1)
(546, 857)
((7, 7, 9, 5, 3, 3, 0), 3210, 2)
(547, 860)
((7, 7, 9, 9, 3, 3, 0), 3218, 3)
(548, 860)
((7, 7, 11, 11, 3, 3, 0), 3222, 4)
(549, 862)
((7, 7, 12, 12, 12, 12, 0), 3226, 0)
(550, 863)
((7, 14, 15, 14, 12, 12, 0), 3230, 1)
(551, 866)
((7, 16, 16, 18, 12, 12, 0), 3234, 2)
(552, 869)
((3, 12, 12, 14, 8, 8, 0), 3256, 3)
(553, 869)
((3, 12, 12, 14, 10, 10, 0), 3266, 4)
(554, 869)
((3, 15, 15, 15, 15, 10, 0), 3270, 0)
(555, 870)
((0, 12, 12, 12, 13, 14, 13), 3275, 1)
(556, 872)
((0, 12, 14, 14, 16, 14, 13), 3280, 2)
(557, 874)
((0, 12, 14, 14, 20, 14, 13), 3284, 3)
(558, 878)
((0, 12, 14, 14, 22, 22, 13), 3288, 4)
(559, 880)
((0, 23, 23, 23, 23, 22, 13), 3292, 0)
(560, 881)
((0, 23, 25, 26, 25, 22, 13), 3296, 1)
(561, 884)
((13, 13, 15, 13, 12, 9, 0), 3301, 2)
(562, 886)
((17, 13, 15, 13, 12, 9, 0), 3307, 3)
(563, 888)
((19, 19, 15, 13, 12, 9, 0), 3311, 4)
(564, 890)
((5, 5, 1, 0, 0, 0, 0), 3321, 0)
(565, 890)
((5, 6, 7, 6, 0, 0, 0), 3326, 1)
(566, 892)
((5, 8, 8, 10, 0, 0, 0), 3330, 2)
(567, 895)
((5, 8, 8, 10, 0, 0, 4), 3344, 3)
(568, 895)
((5, 8, 12, 12, 0, 0, 4), 3348, 4)
(569, 897)
((13, 13, 13, 13, 0, 0, 4), 3352, 0)
(570, 898)
((9, 9, 9, 10, 11, 10, 0), 3357, 1)
(571, 900)
((10, 10, 12, 10, 11, 10, 0), 3363, 2)
(572, 901)
((10, 10, 12, 10, 11, 14, 0), 3369, 3)
(573, 903)
((10, 10, 12, 10, 16, 16, 0), 3373, 4)
(574, 905)
((10, 17, 17, 17, 17, 16, 0), 3377, 0)
(575, 906)
((19, 20, 19, 17, 17, 16, 0), 3381, 1)
(576, 909)
((19, 20, 19, 18, 20, 16, 0), 3388, 2)
(577, 909)
((19, 20, 23, 18, 20, 16, 0), 3393, 3)
(578, 912)
((19, 20, 25, 25, 20, 16, 0), 3397, 4)
(579, 914)
((19, 26, 26, 26, 26, 16, 0), 3401, 0)
(580, 915)
((28, 29, 28, 26, 26, 16, 0), 3405, 1)
(581, 918)
((28, 29, 29, 29, 31, 16, 0), 3410, 2)
(582, 920)
((28, 29, 29, 29, 35, 16, 0), 3414, 3)
(583, 924)
((28, 29, 29, 29, 37, 37, 0), 3418, 4)
(584, 926)
((30, 30, 30, 30, 37, 37, 0), 3430, 0)
(585, 926)
((30, 30, 38, 39, 38, 37, 0), 3435, 1)
(586, 928)
((0, 0, 8, 9, 9, 9, 11), 3440, 2)
(587, 930)
((0, 0, 8, 9, 9, 9, 11), 3455, 3)
(588, 930)
((0, 0, 8, 9, 11, 11, 11), 3461, 4)
(589, 930)
((0, 0, 0, 0, 1, 1, 1), 3467, 0)
(590, 930)
((0, 0, 2, 3, 2, 1, 1), 3472, 1)
(591, 932)
((0, 0, 2, 3, 3, 3, 5), 3477, 2)
(592, 934)
((0, 0, 6, 3, 3, 3, 5), 3484, 3)
(593, 935)
((0, 0, 4, 1, 1, 1, 3), 3494, 4)
(594, 935)
((0, 0, 4, 4, 4, 4, 4), 3499, 0)
(595, 935)
((0, 0, 6, 7, 6, 4, 4), 3503, 1)
(596, 938)
((0, 0, 6, 7, 7, 7, 9), 3508, 2)
(597, 940)
((4, 0, 6, 7, 7, 7, 9), 3521, 3)
(598, 940)
((0, 0, 0, 1, 1, 1, 3), 3530, 4)
(599, 940)
((0, 0, 2, 2, 2, 2, 3), 3536, 0)
(600, 940)
((0, 0, 2, 2, 4, 5, 4), 3541, 1)
(601, 942)
((0, 0, 5, 5, 7, 5, 4), 3546, 2)
(602, 944)
((4, 0, 5, 5, 7, 5, 4), 3557, 3)
(603, 944)
((4, 0, 7, 7, 7, 5, 4), 3563, 4)
(604, 944)
((4, 0, 7, 8, 8, 8, 8), 3567, 0)
(605, 945)
((4, 0, 10, 11, 10, 8, 8), 3571, 1)
(606, 948)
((4, 0, 12, 12, 14, 8, 8), 3575, 2)
(607, 951)
((4, 0, 12, 16, 14, 8, 8), 3581, 3)
(608, 953)
((4, 0, 18, 18, 14, 8, 8), 3585, 4)
(609, 955)
((4, 0, 19, 19, 19, 19, 8), 3589, 0)
(610, 956)
((12, 13, 12, 11, 11, 11, 0), 3594, 1)
(611, 958)
((14, 14, 16, 11, 11, 11, 0), 3598, 2)
(612, 961)
((14, 18, 16, 11, 11, 11, 0), 3604, 3)
(613, 963)
((20, 20, 16, 11, 11, 11, 0), 3608, 4)
(614, 965)
((8, 8, 4, 0, 0, 0, 0), 3621, 0)
(615, 965)
((8, 9, 10, 9, 0, 0, 0), 3626, 1)
(616, 967)
((8, 9, 10, 10, 10, 12, 0), 3631, 2)
(617, 969)
((8, 9, 10, 10, 14, 12, 0), 3637, 3)
(618, 971)
((8, 12, 12, 10, 14, 12, 0), 3645, 4)
(619, 971)
((8, 12, 15, 15, 15, 15, 0), 3649, 0)
(620, 972)
((16, 17, 16, 15, 15, 15, 0), 3654, 1)
(621, 974)
((16, 17, 16, 16, 16, 18, 0), 3660, 2)
(622, 975)
((16, 17, 16, 16, 20, 18, 0), 3666, 3)
(623, 977)
((16, 17, 18, 18, 20, 18, 0), 3674, 4)
(624, 977)
((19, 19, 19, 19, 20, 18, 0), 3680, 0)
(625, 977)
((19, 21, 22, 21, 20, 18, 0), 3685, 1)
(626, 979)
((0, 2, 3, 2, 2, 2, 4), 3691, 2)
(627, 980)
((0, 2, 3, 6, 2, 2, 4), 3697, 3)
(628, 982)
((0, 2, 8, 8, 2, 2, 4), 3701, 4)
(629, 984)
((0, 9, 9, 9, 9, 2, 4), 3705, 0)
(630, 985)
((0, 9, 9, 9, 10, 11, 10), 3710, 1)
(631, 987)
((1, 1, 3, 0, 1, 2, 1), 3716, 2)
(632, 988)
((1, 1, 7, 0, 1, 2, 1), 3720, 3)
(633, 992)
((1, 1, 7, 0, 1, 4, 4), 3729, 4)
(634, 992)
((0, 0, 7, 7, 7, 7, 3), 3733, 0)
(635, 993)
((0, 0, 9, 10, 9, 7, 3), 3737, 1)
(636, 996)
((0, 0, 9, 10, 10, 10, 12), 3742, 2)
(637, 998)
((0, 4, 9, 10, 10, 10, 12), 3758, 3)
(638, 998)
((0, 0, 3, 4, 4, 4, 6), 3770, 4)
(639, 998)
((0, 5, 5, 5, 5, 4, 6), 3776, 0)
(640, 998)
((0, 7, 8, 7, 5, 4, 6), 3781, 1)
(641, 1000)
((0, 9, 9, 11, 5, 4, 6), 3785, 2)
(642, 1003)
((0, 9, 9, 11, 9, 4, 6), 3795, 3)
(643, 1003)
((0, 11, 11, 11, 9, 4, 6), 3801, 4)
(644, 1003)
((0, 11, 11, 12, 12, 12, 12), 3805, 0)
(645, 1004)
((0, 13, 14, 13, 12, 12, 12), 3810, 1)
(646, 1006)
((0, 13, 15, 15, 17, 12, 12), 3814, 2)
(647, 1009)
((0, 13, 15, 15, 17, 12, 12), 3835, 3)
(648, 1009)
((0, 13, 15, 15, 19, 19, 12), 3839, 4)
(649, 1011)
((0, 13, 20, 20, 20, 20, 12), 3843, 0)
(650, 1012)
((9, 10, 9, 8, 8, 8, 0), 3848, 1)
(651, 1014)
((1, 2, 1, 0, 1, 1, 3), 3854, 2)
(652, 1015)
((1, 2, 1, 0, 5, 1, 3), 3860, 3)
(653, 1017)
((1, 2, 1, 0, 7, 7, 3), 3864, 4)
(654, 1019)
((0, 1, 0, 7, 7, 7, 7), 3868, 0)
(655, 1020)
((0, 8, 9, 8, 7, 7, 7), 3873, 1)
(656, 1022)
((0, 8, 10, 10, 12, 7, 7), 3877, 2)
(657, 1025)
((0, 8, 10, 14, 12, 7, 7), 3883, 3)
(658, 1027)
((3, 3, 3, 7, 5, 0, 0), 3893, 4)
(659, 1027)
((3, 3, 8, 8, 8, 8, 0), 3897, 0)
(660, 1028)
((3, 3, 10, 11, 10, 8, 0), 3901, 1)
(661, 1031)
((11, 11, 13, 11, 10, 8, 0), 3906, 2)
(662, 1033)
((11, 11, 17, 11, 10, 8, 0), 3910, 3)
(663, 1037)
((1, 1, 7, 1, 0, 0, 0), 3923, 4)
(664, 1037)
((1, 1, 8, 8, 8, 8, 0), 3927, 0)
(665, 1038)
((0, 0, 7, 7, 9, 10, 9), 3931, 1)
(666, 1041)
((0, 8, 8, 10, 9, 10, 9), 3938, 2)
(667, 1041)
((0, 8, 12, 10, 9, 10, 9), 3944, 3)
(668, 1043)
((1, 1, 3, 1, 0, 1, 0), 3952, 4)
(669, 1043)
((0, 0, 2, 1, 1, 1, 1), 3958, 0)
(670, 1043)
((0, 4, 5, 4, 1, 1, 1), 3962, 1)
(671, 1046)
((0, 4, 6, 6, 8, 1, 1), 3966, 2)
(672, 1049)
((0, 4, 6, 6, 12, 1, 1), 3970, 3)
(673, 1053)
((5, 5, 5, 5, 11, 0, 0), 3982, 4)
(674, 1053)
((5, 5, 12, 12, 12, 12, 0), 3986, 0)
(675, 1054)
((5, 14, 15, 14, 12, 12, 0), 3990, 1)
(676, 1057)
((5, 14, 16, 16, 18, 12, 0), 3994, 2)
(677, 1060)
((5, 14, 20, 16, 18, 12, 0), 4000, 3)
(678, 1062)
((5, 22, 22, 16, 18, 12, 0), 4004, 4)
(679, 1064)
((5, 22, 23, 23, 23, 23, 0), 4008, 0)
(680, 1065)
((5, 22, 25, 26, 25, 23, 0), 4012, 1)
(681, 1068)
((26, 26, 28, 26, 25, 23, 0), 4017, 2)
(682, 1070)
((26, 26, 28, 30, 25, 23, 0), 4023, 3)
(683, 1072)
((1, 1, 3, 5, 0, 0, 0), 4034, 4)
(684, 1072)
((1, 1, 6, 6, 6, 6, 0), 4038, 0)
(685, 1073)
((1, 8, 9, 8, 6, 6, 0), 4042, 1)
(686, 1076)
((1, 8, 9, 8, 7, 9, 0), 4049, 2)
(687, 1076)
((0, 7, 8, 7, 6, 8, 3), 4062, 3)
(688, 1076)
((0, 7, 10, 10, 6, 8, 3), 4066, 4)
(689, 1078)
((0, 7, 10, 11, 11, 11, 11), 4070, 0)
(690, 1079)
((0, 7, 10, 11, 13, 14, 13), 4074, 1)
(691, 1082)
((0, 0, 2, 0, 2, 3, 2), 4082, 2)
(692, 1082)
((4, 0, 2, 0, 2, 3, 2), 4089, 3)
(693, 1083)
((4, 0, 2, 4, 4, 3, 2), 4095, 4)
(694, 1083)
((3, 3, 3, 3, 2, 1, 0), 4099, 0)
(695, 1084)
((3, 3, 3, 4, 5, 4, 0), 4104, 1)
(696, 1086)
((3, 3, 6, 6, 8, 4, 0), 4108, 2)
(697, 1089)
((3, 3, 10, 6, 8, 4, 0), 4114, 3)
(698, 1091)
((3, 3, 12, 12, 8, 4, 0), 4118, 4)
(699, 1093)
((3, 3, 13, 13, 13, 13, 0), 4122, 0)
(700, 1094)
((3, 3, 15, 16, 15, 13, 0), 4126, 1)
(701, 1097)
((0, 0, 12, 13, 13, 13, 15), 4131, 2)
(702, 1099)
((4, 0, 12, 13, 13, 13, 15), 4150, 3)
(703, 1099)
((0, 10, 10, 9, 9, 9, 11), 4157, 4)
(704, 1099)
((0, 10, 10, 12, 12, 12, 12), 4161, 0)
(705, 1100)
((0, 10, 10, 12, 14, 15, 14), 4165, 1)
(706, 1103)
((0, 13, 13, 15, 14, 15, 14), 4172, 2)
(707, 1103)
((0, 13, 17, 15, 14, 15, 14), 4178, 3)
(708, 1105)
((0, 13, 17, 15, 14, 17, 17), 4184, 4)
(709, 1105)
((4, 4, 4, 4, 0, 3, 3), 4188, 0)
(710, 1106)
((1, 1, 1, 2, 3, 2, 0), 4193, 1)
(711, 1108)
((1, 1, 4, 4, 6, 2, 0), 4197, 2)
(712, 1111)
((5, 1, 4, 4, 6, 2, 0), 4206, 3)
(713, 1111)
((5, 1, 6, 6, 6, 2, 0), 4212, 4)
(714, 1111)
((5, 7, 7, 7, 7, 2, 0), 4216, 0)
(715, 1112)
((5, 9, 10, 9, 7, 2, 0), 4220, 1)
(716, 1115)
((5, 9, 10, 9, 8, 10, 0), 4227, 2)
(717, 1115)
((5, 9, 14, 9, 8, 10, 0), 4231, 3)
(718, 1119)
((11, 11, 14, 9, 8, 10, 0), 4240, 4)
(719, 1119)
((0, 0, 3, 0, 0, 0, 0), 4248, 0)
(720, 1119)
((0, 0, 4, 5, 4, 0, 0), 4253, 1)
(721, 1121)
((5, 5, 7, 5, 4, 0, 0), 4258, 2)
(722, 1123)
((5, 5, 7, 9, 4, 0, 0), 4264, 3)
(723, 1125)
((3, 3, 5, 7, 2, 0, 0), 4277, 4)
(724, 1125)
((3, 8, 8, 8, 8, 0, 0), 4281, 0)
(725, 1126)
((10, 11, 10, 8, 8, 0, 0), 4285, 1)
(726, 1129)
((12, 12, 14, 8, 8, 0, 0), 4289, 2)
(727, 1132)
((12, 12, 18, 8, 8, 0, 0), 4293, 3)
(728, 1136)
((12, 12, 20, 20, 8, 0, 0), 4297, 4)
(729, 1138)
((21, 21, 21, 21, 8, 0, 0), 4301, 0)
(730, 1139)
((21, 21, 21, 21, 11, 10, 0), 4318, 1)
(731, 1139)
((21, 22, 22, 24, 11, 10, 0), 4322, 2)
(732, 1142)
((21, 22, 26, 24, 11, 10, 0), 4328, 3)
(733, 1144)
((21, 22, 28, 28, 11, 10, 0), 4332, 4)
(734, 1146)
((0, 1, 7, 8, 8, 8, 8), 4336, 0)
(735, 1147)
((0, 1, 10, 11, 10, 8, 8), 4340, 1)
(736, 1150)
((0, 1, 12, 12, 14, 8, 8), 4344, 2)
(737, 1153)
((0, 1, 12, 12, 14, 12, 8), 4354, 3)
(738, 1153)
((0, 0, 9, 9, 11, 9, 5), 4371, 4)
(739, 1153)
((0, 0, 12, 12, 12, 12, 5), 4375, 0)
(740, 1154)
((0, 0, 14, 15, 14, 12, 5), 4379, 1)
(741, 1157)
((0, 0, 16, 16, 18, 12, 5), 4383, 2)
(742, 1160)
((0, 0, 16, 20, 18, 12, 5), 4389, 3)
(743, 1162)
((0, 0, 22, 22, 18, 12, 5), 4393, 4)
(744, 1164)
((0, 23, 23, 23, 23, 12, 5), 4397, 0)
(745, 1165)
((0, 23, 23, 25, 26, 25, 5), 4401, 1)
(746, 1168)
((0, 23, 27, 27, 29, 25, 5), 4405, 2)
(747, 1171)
((0, 23, 27, 27, 29, 25, 5), 4438, 3)
(748, 1171)
((0, 23, 27, 27, 31, 31, 5), 4442, 4)
(749, 1173)
((0, 23, 32, 32, 32, 32, 5), 4446, 0)
(750, 1174)
((0, 23, 34, 35, 34, 32, 5), 4450, 1)
(751, 1177)
((30, 30, 32, 30, 29, 27, 0), 4455, 2)
(752, 1179)
((30, 30, 36, 30, 29, 27, 0), 4459, 3)
(753, 1183)
((30, 30, 36, 30, 31, 31, 0), 4470, 4)
(754, 1183)
((0, 0, 6, 2, 2, 2, 2), 4479, 0)
(755, 1183)
((5, 6, 5, 0, 0, 0, 0), 4484, 1)
(756, 1185)
((5, 6, 5, 0, 1, 1, 3), 4494, 2)
(757, 1185)
((9, 6, 5, 0, 1, 1, 3), 4499, 3)
(758, 1188)
((11, 11, 5, 0, 1, 1, 3), 4503, 4)
(759, 1190)
((8, 8, 3, 3, 3, 3, 0), 4513, 0)
(760, 1190)
((5, 5, 0, 0, 2, 3, 2), 4522, 1)
(761, 1190)
((6, 6, 8, 0, 2, 3, 2), 4526, 2)
(762, 1193)
((6, 6, 12, 0, 2, 3, 2), 4530, 3)
(763, 1197)
((8, 8, 12, 0, 2, 3, 2), 4540, 4)
(764, 1197)
((6, 11, 11, 11, 11, 1, 0), 4544, 0)
(765, 1198)
((6, 11, 11, 13, 14, 13, 0), 4548, 1)
(766, 1201)
((0, 5, 5, 7, 9, 9, 11), 4552, 2)
(767, 1204)
((0, 5, 5, 7, 9, 9, 11), 4567, 3)
(768, 1204)
((0, 7, 7, 7, 9, 9, 11), 4577, 4)
(769, 1204)
((0, 7, 10, 10, 10, 10, 11), 4583, 0)
(770, 1204)
((0, 12, 13, 12, 10, 10, 11), 4588, 1)
(771, 1206)
((4, 4, 6, 2, 0, 0, 1), 4592, 2)
(772, 1209)
((4, 4, 6, 2, 4, 0, 1), 4602, 3)
(773, 1209)
((3, 3, 5, 1, 5, 5, 0), 4608, 4)
(774, 1209)
((0, 0, 2, 3, 3, 3, 3), 4612, 0)
(775, 1210)
((0, 0, 2, 3, 5, 6, 5), 4616, 1)
(776, 1213)
((0, 4, 4, 6, 5, 6, 5), 4623, 2)
(777, 1213)
((0, 0, 0, 2, 1, 2, 1), 4633, 3)
(778, 1213)
((0, 0, 0, 2, 4, 4, 1), 4637, 4)
(779, 1215)
((0, 0, 5, 5, 5, 5, 1), 4641, 0)
(780, 1216)
((0, 0, 7, 8, 7, 5, 1), 4645, 1)
(781, 1219)
((0, 0, 9, 9, 11, 5, 1), 4649, 2)
(782, 1222)
((4, 0, 9, 9, 11, 5, 1), 4664, 3)
(783, 1222)
((3, 10, 10, 8, 10, 4, 0), 4670, 4)
(784, 1222)
((3, 10, 11, 11, 11, 11, 0), 4674, 0)
(785, 1223)
((0, 7, 8, 8, 10, 11, 10), 4678, 1)
(786, 1226)
((0, 9, 9, 11, 10, 11, 10), 4685, 2)
(787, 1226)
((0, 5, 5, 7, 6, 7, 6), 4700, 3)
(788, 1226)
((2, 2, 0, 2, 1, 2, 1), 4706, 4)
(789, 1226)
((1, 1, 2, 2, 2, 2, 0), 4710, 0)
(790, 1227)
((1, 1, 4, 5, 4, 2, 0), 4714, 1)
(791, 1230)
((1, 1, 4, 6, 6, 8, 0), 4718, 2)
(792, 1233)
((1, 1, 4, 10, 6, 8, 0), 4724, 3)
(793, 1235)
((1, 1, 4, 10, 10, 10, 0), 4730, 4)
(794, 1235)
((0, 0, 3, 10, 10, 10, 10), 4734, 0)
(795, 1236)
((0, 0, 12, 13, 12, 10, 10), 4738, 1)
(796, 1239)
((0, 0, 12, 13, 13, 13, 15), 4743, 2)
(797, 1241)
((4, 0, 12, 13, 13, 13, 15), 4762, 3)
(798, 1241)
((4, 0, 15, 15, 13, 13, 15), 4768, 4)
(799, 1241)
((3, 3, 3, 3, 0, 0, 2), 4772, 0)
(800, 1242)
((3, 3, 5, 6, 5, 0, 2), 4776, 1)
(801, 1245)
((0, 0, 2, 3, 3, 3, 5), 4781, 2)
(802, 1247)
((0, 4, 2, 3, 3, 3, 5), 4790, 3)
(803, 1247)
((0, 6, 6, 3, 3, 3, 5), 4795, 4)
(804, 1248)
((0, 6, 6, 6, 6, 6, 6), 4800, 0)
(805, 1248)
((0, 8, 9, 8, 6, 6, 6), 4804, 1)
(806, 1251)
((4, 4, 6, 2, 0, 0, 0), 4808, 2)
(807, 1254)
((4, 4, 6, 2, 0, 0, 4), 4818, 3)
(808, 1254)
((4, 4, 8, 8, 0, 0, 4), 4822, 4)
(809, 1256)
((0, 0, 4, 5, 5, 5, 5), 4826, 0)
(810, 1257)
((0, 1, 0, 0, 0, 0, 0), 4832, 1)
(811, 1258)
((0, 1, 0, 0, 1, 1, 3), 4837, 2)
(812, 1260)
((4, 1, 0, 0, 1, 1, 3), 4844, 3)
(813, 1261)
((3, 0, 1, 1, 0, 0, 2), 4852, 4)
(814, 1261)
((3, 0, 2, 2, 2, 2, 2), 4858, 0)
(815, 1261)
((1, 2, 3, 2, 0, 0, 0), 4863, 1)
(816, 1263)
((4, 4, 6, 2, 0, 0, 0), 4867, 2)
(817, 1266)
((4, 4, 6, 2, 0, 4, 0), 4877, 3)
(818, 1266)
((4, 4, 6, 2, 6, 6, 0), 4883, 4)
(819, 1266)
((7, 7, 7, 7, 6, 6, 0), 4887, 0)
(820, 1267)
((7, 9, 10, 9, 6, 6, 0), 4891, 1)
(821, 1270)
((7, 9, 10, 10, 10, 12, 0), 4896, 2)
(822, 1272)
((7, 13, 10, 10, 10, 12, 0), 4903, 3)
(823, 1273)
((15, 15, 10, 10, 10, 12, 0), 4907, 4)
(824, 1275)
((15, 16, 16, 16, 16, 12, 0), 4911, 0)
(825, 1276)
((18, 19, 18, 16, 16, 12, 0), 4915, 1)
(826, 1279)
((18, 20, 20, 22, 16, 12, 0), 4919, 2)
(827, 1282)
((18, 20, 24, 22, 16, 12, 0), 4925, 3)
(828, 1284)
((18, 20, 24, 24, 24, 12, 0), 4931, 4)
(829, 1284)
((0, 2, 6, 7, 7, 7, 7), 4935, 0)
(830, 1285)
((0, 1, 0, 0, 0, 0, 0), 4941, 1)
(831, 1286)
((2, 2, 4, 0, 0, 0, 0), 4945, 2)
(832, 1289)
((2, 2, 4, 0, 0, 0, 4), 4953, 3)
(833, 1289)
((4, 4, 4, 0, 0, 0, 4), 4959, 4)
(834, 1289)
((0, 0, 1, 1, 1, 1, 0), 4963, 0)
(835, 1290)
((0, 0, 3, 4, 3, 1, 0), 4967, 1)
(836, 1293)
((0, 0, 3, 4, 4, 4, 6), 4972, 2)
(837, 1295)
((0, 0, 3, 8, 4, 4, 6), 4978, 3)
(838, 1297)
((0, 5, 5, 8, 4, 4, 6), 4987, 4)
(839, 1297)
((0, 9, 9, 9, 9, 4, 6), 4991, 0)
(840, 1298)
((7, 8, 7, 5, 5, 0, 2), 4995, 1)
(841, 1301)
((7, 9, 9, 11, 5, 0, 2), 4999, 2)
(842, 1304)
((7, 9, 9, 11, 9, 0, 2), 5009, 3)
(843, 1304)
((7, 9, 13, 13, 9, 0, 2), 5013, 4)
(844, 1306)
((5, 7, 12, 12, 12, 12, 0), 5017, 0)
(845, 1307)
((5, 7, 14, 15, 14, 12, 0), 5021, 1)
(846, 1310)
((5, 7, 16, 16, 18, 12, 0), 5025, 2)
(847, 1313)
((5, 7, 16, 16, 22, 12, 0), 5029, 3)
(848, 1317)
((5, 7, 18, 18, 22, 12, 0), 5039, 4)
(849, 1317)
((0, 2, 13, 18, 18, 18, 18), 5043, 0)
(850, 1318)
((0, 2, 20, 21, 20, 18, 18), 5047, 1)
(851, 1321)
((3, 3, 5, 3, 2, 0, 0), 5052, 2)
(852, 1323)
((3, 3, 5, 3, 2, 0, 4), 5061, 3)
(853, 1323)
((3, 7, 7, 3, 2, 0, 4), 5065, 4)
(854, 1325)
((3, 8, 8, 8, 8, 0, 4), 5069, 0)
(855, 1326)
((3, 8, 10, 11, 10, 0, 4), 5073, 1)
(856, 1329)
((0, 5, 7, 9, 9, 11, 1), 5077, 2)
(857, 1332)
((0, 5, 11, 9, 9, 11, 1), 5085, 3)
(858, 1332)
((6, 6, 10, 8, 8, 10, 0), 5095, 4)
(859, 1332)
((6, 11, 11, 11, 11, 10, 0), 5099, 0)
(860, 1333)
((6, 11, 13, 14, 13, 10, 0), 5103, 1)
(861, 1336)
((6, 11, 15, 15, 17, 10, 0), 5107, 2)
(862, 1339)
((6, 11, 15, 15, 17, 10, 0), 5122, 3)
(863, 1339)
((6, 11, 17, 17, 17, 10, 0), 5128, 4)
(864, 1339)
((6, 18, 18, 18, 18, 10, 0), 5132, 0)
(865, 1340)
((6, 18, 20, 21, 20, 10, 0), 5136, 1)
(866, 1343)
((21, 21, 23, 21, 20, 10, 0), 5141, 2)
(867, 1345)
((21, 21, 23, 25, 20, 10, 0), 5147, 3)
(868, 1347)
((21, 21, 27, 27, 20, 10, 0), 5151, 4)
(869, 1349)
((28, 28, 28, 28, 20, 10, 0), 5155, 0)
(870, 1350)
((28, 28, 30, 31, 30, 10, 0), 5159, 1)
(871, 1353)
((28, 32, 32, 34, 30, 10, 0), 5163, 2)
(872, 1356)
((28, 32, 36, 34, 30, 10, 0), 5169, 3)
(873, 1358)
((28, 32, 38, 38, 30, 10, 0), 5173, 4)
(874, 1360)
((0, 4, 10, 11, 11, 11, 11), 5177, 0)
(875, 1361)
((0, 4, 13, 14, 13, 11, 11), 5181, 1)
(876, 1364)
((0, 4, 15, 15, 17, 11, 11), 5185, 2)
(877, 1367)
((0, 0, 11, 11, 13, 7, 7), 5206, 3)
(878, 1367)
((0, 13, 13, 11, 13, 7, 7), 5212, 4)
(879, 1367)
((0, 13, 14, 14, 14, 14, 7), 5216, 0)
(880, 1368)
((8, 9, 8, 7, 7, 7, 0), 5221, 1)
(881, 1370)
((10, 10, 12, 7, 7, 7, 0), 5225, 2)
(882, 1373)
((10, 14, 12, 7, 7, 7, 0), 5231, 3)
(883, 1375)
((10, 14, 14, 14, 7, 7, 0), 5237, 4)
(884, 1375)
((10, 15, 15, 15, 15, 7, 0), 5241, 0)
(885, 1376)
((0, 5, 5, 5, 6, 7, 6), 5246, 1)
(886, 1378)
((1, 1, 3, 0, 1, 2, 1), 5252, 2)
(887, 1379)
((1, 1, 7, 0, 1, 2, 1), 5256, 3)
(888, 1383)
((1, 1, 7, 0, 1, 4, 4), 5265, 4)
(889, 1383)
((0, 0, 7, 7, 7, 7, 3), 5269, 0)
(890, 1384)
((0, 0, 9, 10, 9, 7, 3), 5273, 1)
(891, 1387)
((0, 0, 11, 11, 13, 7, 3), 5277, 2)
(892, 1390)
((0, 0, 11, 11, 17, 7, 3), 5281, 3)
(893, 1394)
((0, 0, 9, 9, 15, 5, 1), 5302, 4)
(894, 1394)
((0, 16, 16, 16, 16, 5, 1), 5306, 0)
(895, 1395)
((0, 16, 18, 19, 18, 5, 1), 5310, 1)
(896, 1398)
((18, 18, 20, 18, 17, 4, 0), 5315, 2)
(897, 1400)
((18, 22, 20, 18, 17, 4, 0), 5321, 3)
(898, 1402)
((18, 22, 20, 20, 20, 4, 0), 5329, 4)
(899, 1402)
((18, 23, 23, 23, 23, 4, 0), 5333, 0)
(900, 1403)
((18, 23, 25, 26, 25, 4, 0), 5337, 1)
(901, 1406)
((26, 26, 28, 26, 25, 4, 0), 5342, 2)
(902, 1408)
((26, 26, 28, 26, 25, 8, 0), 5370, 3)
(903, 1408)
((26, 26, 30, 30, 25, 8, 0), 5374, 4)
(904, 1410)
((26, 26, 31, 31, 31, 31, 0), 5378, 0)
(905, 1411)
((32, 33, 32, 31, 31, 31, 0), 5383, 1)
(906, 1413)
((34, 34, 36, 31, 31, 31, 0), 5387, 2)
(907, 1416)
((34, 34, 36, 31, 31, 35, 0), 5396, 3)
(908, 1416)
((34, 38, 38, 31, 31, 35, 0), 5400, 4)
(909, 1418)
((34, 39, 39, 39, 39, 35, 0), 5404, 0)
(910, 1419)
((34, 39, 41, 42, 41, 35, 0), 5408, 1)
(911, 1422)
((42, 42, 44, 42, 41, 35, 0), 5413, 2)
(912, 1424)
((42, 42, 44, 42, 41, 39, 0), 5426, 3)
(913, 1424)
((42, 46, 46, 42, 41, 39, 0), 5430, 4)
(914, 1426)
((42, 46, 47, 47, 47, 47, 0), 5434, 0)
(915, 1427)
((42, 49, 50, 49, 47, 47, 0), 5438, 1)
(916, 1430)
((42, 49, 50, 50, 50, 52, 0), 5443, 2)
(917, 1432)
((42, 49, 54, 50, 50, 52, 0), 5449, 3)
(918, 1434)
((42, 49, 56, 56, 50, 52, 0), 5453, 4)
(919, 1436)
((42, 57, 57, 57, 57, 52, 0), 5457, 0)
(920, 1437)
((42, 57, 59, 60, 59, 52, 0), 5461, 1)
(921, 1440)
((42, 57, 61, 61, 63, 52, 0), 5465, 2)
(922, 1443)
((42, 57, 65, 61, 63, 52, 0), 5471, 3)
(923, 1445)
((42, 57, 67, 67, 63, 52, 0), 5475, 4)
(924, 1447)
((42, 57, 68, 68, 68, 68, 0), 5479, 0)
(925, 1448)
((42, 57, 68, 70, 71, 70, 0), 5483, 1)
(926, 1451)
((69, 69, 71, 70, 71, 70, 0), 5490, 2)
(927, 1451)
((69, 69, 71, 70, 75, 70, 0), 5494, 3)
(928, 1455)
((69, 69, 71, 70, 77, 77, 0), 5498, 4)
(929, 1457)
((69, 69, 78, 78, 78, 78, 0), 5502, 0)
(930, 1458)
((69, 69, 80, 81, 80, 78, 0), 5506, 1)
(931, 1461)
((0, 0, 11, 12, 12, 12, 14), 5511, 2)
(932, 1463)
((0, 0, 11, 12, 12, 12, 14), 5528, 3)
(933, 1463)
((0, 0, 11, 12, 14, 14, 14), 5534, 4)
(934, 1463)
((0, 0, 15, 15, 15, 15, 14), 5538, 0)
(935, 1464)
((0, 0, 15, 15, 17, 18, 17), 5542, 1)
(936, 1467)
((1, 1, 3, 0, 2, 3, 2), 5549, 2)
(937, 1467)
((1, 1, 3, 0, 6, 3, 2), 5554, 3)
(938, 1470)
((1, 5, 5, 0, 6, 3, 2), 5561, 4)
(939, 1470)
((0, 4, 6, 6, 6, 6, 1), 5565, 0)
(940, 1471)
((0, 8, 9, 8, 6, 6, 1), 5569, 1)
(941, 1474)
((0, 8, 10, 10, 12, 6, 1), 5573, 2)
(942, 1477)
((0, 8, 14, 10, 12, 6, 1), 5579, 3)
(943, 1479)
((0, 8, 16, 16, 12, 6, 1), 5583, 4)
(944, 1481)
((16, 16, 16, 16, 11, 5, 0), 5587, 0)
(945, 1482)
((16, 16, 18, 19, 18, 5, 0), 5591, 1)
(946, 1485)
((16, 20, 20, 22, 18, 5, 0), 5595, 2)
(947, 1488)
((16, 24, 20, 22, 18, 5, 0), 5601, 3)
(948, 1490)
((16, 24, 24, 24, 18, 5, 0), 5607, 4)
(949, 1490)
((25, 25, 25, 25, 18, 5, 0), 5611, 0)
(950, 1491)
((6, 6, 6, 6, 0, 1, 0), 5623, 1)
(951, 1491)
((7, 7, 9, 6, 0, 1, 0), 5627, 2)
(952, 1494)
((7, 7, 13, 6, 0, 1, 0), 5631, 3)
(953, 1498)
((7, 7, 13, 6, 3, 3, 0), 5647, 4)
(954, 1498)
((7, 7, 14, 14, 14, 14, 0), 5651, 0)
(955, 1499)
((7, 7, 16, 17, 16, 14, 0), 5655, 1)
(956, 1502)
((0, 0, 9, 10, 10, 10, 12), 5660, 2)
(957, 1504)
((0, 0, 9, 10, 14, 10, 12), 5666, 3)
(958, 1506)
((0, 0, 12, 12, 14, 10, 12), 5674, 4)
(959, 1506)
((0, 0, 15, 15, 15, 15, 12), 5678, 0)
(960, 1507)
((0, 0, 15, 17, 18, 17, 12), 5682, 1)
(961, 1510)
((0, 0, 19, 19, 21, 17, 12), 5686, 2)
(962, 1513)
((4, 0, 19, 19, 21, 17, 12), 5711, 3)
(963, 1513)
((4, 0, 21, 21, 21, 17, 12), 5717, 4)
(964, 1513)
((4, 0, 22, 22, 22, 22, 12), 5721, 0)
(965, 1514)
((4, 0, 22, 24, 25, 24, 12), 5725, 1)
(966, 1517)
((4, 0, 22, 24, 26, 26, 28), 5729, 2)
(967, 1520)
((0, 0, 18, 20, 22, 22, 24), 5761, 3)
(968, 1520)
((0, 20, 20, 20, 22, 22, 24), 5771, 4)
(969, 1520)
((0, 20, 20, 25, 25, 25, 25), 5775, 0)
(970, 1521)
((0, 20, 27, 28, 27, 25, 25), 5779, 1)
(971, 1524)
((3, 3, 5, 3, 2, 0, 0), 5784, 2)
(972, 1526)
((3, 3, 5, 3, 2, 4, 0), 5793, 3)
(973, 1526)
((3, 3, 7, 7, 2, 4, 0), 5797, 4)
(974, 1528)
((3, 3, 8, 8, 8, 8, 0), 5801, 0)
(975, 1529)
((3, 3, 8, 10, 11, 10, 0), 5805, 1)
(976, 1532)
((3, 3, 12, 12, 14, 10, 0), 5809, 2)
(977, 1535)
((7, 3, 12, 12, 14, 10, 0), 5824, 3)
(978, 1535)
((7, 3, 12, 12, 16, 16, 0), 5828, 4)
(979, 1537)
((7, 3, 17, 17, 17, 17, 0), 5832, 0)
(980, 1538)
((7, 3, 19, 20, 19, 17, 0), 5836, 1)
(981, 1541)
((20, 20, 22, 20, 19, 17, 0), 5841, 2)
(982, 1543)
((20, 20, 22, 20, 23, 17, 0), 5848, 3)
(983, 1544)
((22, 22, 22, 20, 23, 17, 0), 5855, 4)
(984, 1544)
((22, 22, 24, 24, 24, 24, 0), 5859, 0)
(985, 1545)
((22, 22, 26, 27, 26, 24, 0), 5863, 1)
(986, 1548)
((22, 22, 28, 28, 30, 24, 0), 5867, 2)
(987, 1551)
((22, 22, 28, 28, 34, 24, 0), 5871, 3)
(988, 1555)
((22, 22, 30, 30, 34, 24, 0), 5881, 4)
(989, 1555)
((22, 22, 35, 35, 35, 35, 0), 5885, 0)
(990, 1556)
((22, 22, 37, 38, 37, 35, 0), 5889, 1)
(991, 1559)
((0, 0, 15, 16, 16, 16, 18), 5894, 2)
(992, 1561)
((0, 4, 15, 16, 16, 16, 18), 5916, 3)
(993, 1561)
((0, 17, 17, 16, 16, 16, 18), 5923, 4)
(994, 1561)
((0, 18, 18, 18, 18, 16, 18), 5928, 0)
(995, 1561)
((4, 5, 4, 2, 2, 0, 2), 5932, 1)
(996, 1564)
((2, 3, 2, 0, 1, 1, 3), 5939, 2)
(997, 1564)
((2, 3, 2, 0, 5, 1, 3), 5945, 3)
(998, 1566)
((2, 3, 2, 0, 7, 7, 3), 5949, 4)
(999, 1568)
((1, 1, 1, 1, 4, 4, 0), 5957, 0)
(1000, 1568)
((1, 3, 4, 3, 4, 4, 0), 5964, 1)
(1001, 1568)
((1, 5, 5, 7, 4, 4, 0), 5968, 2)
(1002, 1571)
((1, 5, 5, 7, 4, 8, 0), 5975, 3)
(1003, 1572)
((1, 7, 7, 7, 4, 8, 0), 5982, 4)
(1004, 1572)
((1, 8, 8, 8, 8, 8, 0), 5987, 0)
(1005, 1572)
((0, 7, 7, 7, 9, 10, 9), 5991, 1)
(1006, 1575)
((0, 8, 8, 10, 9, 10, 9), 5998, 2)
(1007, 1575)
((0, 8, 12, 10, 9, 10, 9), 6004, 3)
(1008, 1577)
((0, 8, 12, 10, 9, 12, 12), 6010, 4)
(1009, 1577)
((0, 8, 12, 13, 13, 13, 13), 6014, 0)
(1010, 1578)
((0, 14, 15, 14, 13, 13, 13), 6019, 1)
(1011, 1580)
((0, 14, 16, 16, 18, 13, 13), 6023, 2)
(1012, 1583)
((0, 14, 16, 16, 22, 13, 13), 6027, 3)
(1013, 1587)
((0, 14, 16, 16, 24, 24, 13), 6031, 4)
(1014, 1589)
((4, 4, 4, 4, 11, 11, 0), 6043, 0)
(1015, 1589)
((4, 6, 7, 6, 11, 11, 0), 6054, 1)
(1016, 1589)
((4, 6, 12, 12, 14, 11, 0), 6058, 2)
(1017, 1592)
((4, 6, 12, 12, 18, 11, 0), 6062, 3)
(1018, 1596)
((8, 8, 12, 12, 18, 11, 0), 6078, 4)
(1019, 1596)
((8, 8, 19, 19, 19, 19, 0), 6082, 0)
(1020, 1597)
((8, 8, 21, 22, 21, 19, 0), 6086, 1)
(1021, 1600)
((0, 0, 13, 14, 14, 14, 16), 6091, 2)
(1022, 1602)
((0, 0, 13, 14, 14, 14, 20), 6095, 3)
(1023, 1606)
((0, 0, 16, 16, 14, 14, 20), 6105, 4)
(1024, 1606)
((0, 0, 17, 17, 17, 17, 20), 6113, 0)
(1025, 1606)
((1, 2, 1, 0, 0, 0, 3), 6121, 1)
(1026, 1606)
((0, 1, 0, 0, 0, 2, 2), 6128, 2)
(1027, 1606)
((4, 1, 0, 0, 0, 2, 2), 6134, 3)
(1028, 1608)
((6, 6, 0, 0, 0, 2, 2), 6138, 4)
(1029, 1610)
((4, 4, 0, 0, 0, 0, 0), 6147, 0)
(1030, 1610)
((4, 5, 6, 5, 0, 0, 0), 6152, 1)
(1031, 1612)
((3, 4, 5, 4, 0, 0, 2), 6162, 2)
(1032, 1612)
((3, 8, 5, 4, 0, 0, 2), 6167, 3)
(1033, 1615)
((10, 10, 5, 4, 0, 0, 2), 6171, 4)
(1034, 1617)
((5, 5, 0, 0, 0, 0, 0), 6181, 0)
(1035, 1617)
((5, 5, 2, 3, 2, 0, 0), 6190, 1)
(1036, 1617)
((5, 5, 4, 4, 6, 0, 0), 6196, 2)
(1037, 1618)
((9, 5, 4, 4, 6, 0, 0), 6201, 3)
(1038, 1621)
((11, 11, 4, 4, 6, 0, 0), 6205, 4)
(1039, 1623)
((12, 12, 12, 12, 6, 0, 0), 6209, 0)
(1040, 1624)
((12, 12, 12, 12, 6, 0, 0), 6221, 1)
(1041, 1624)
((12, 12, 12, 12, 10, 0, 0), 6230, 2)
(1042, 1624)
((12, 12, 12, 12, 14, 0, 0), 6236, 3)
(1043, 1626)
((10, 10, 10, 10, 12, 0, 0), 6254, 4)
(1044, 1626)
((11, 11, 11, 11, 12, 0, 0), 6260, 0)
(1045, 1626)
((13, 14, 13, 11, 12, 0, 0), 6265, 1)
(1046, 1628)
((13, 14, 14, 14, 16, 0, 0), 6270, 2)
(1047, 1630)
((13, 14, 18, 14, 16, 0, 0), 6276, 3)
(1048, 1632)
((13, 14, 20, 20, 16, 0, 0), 6280, 4)
(1049, 1634)
((13, 21, 21, 21, 21, 0, 0), 6284, 0)
(1050, 1635)
((0, 8, 8, 8, 9, 10, 9), 6289, 1)
(1051, 1637)
((1, 1, 3, 0, 1, 2, 1), 6295, 2)
(1052, 1638)
((5, 1, 3, 0, 1, 2, 1), 6301, 3)
(1053, 1640)
((4, 0, 2, 2, 2, 1, 0), 6309, 4)
(1054, 1640)
((5, 5, 5, 5, 2, 1, 0), 6313, 0)
(1055, 1641)
((5, 5, 5, 6, 7, 6, 0), 6318, 1)
(1056, 1643)
((6, 6, 8, 6, 7, 6, 0), 6324, 2)
(1057, 1644)
((6, 10, 8, 6, 7, 6, 0), 6330, 3)
(1058, 1646)
((12, 12, 8, 6, 7, 6, 0), 6334, 4)
(1059, 1648)
((13, 13, 13, 13, 7, 6, 0), 6338, 0)
(1060, 1649)
((15, 16, 15, 13, 7, 6, 0), 6342, 1)
(1061, 1652)
((15, 16, 15, 13, 8, 10, 0), 6355, 2)
(1062, 1652)
((19, 16, 15, 13, 8, 10, 0), 6360, 3)
(1063, 1655)
((19, 16, 15, 15, 15, 10, 0), 6370, 4)
(1064, 1655)
((20, 20, 20, 20, 15, 10, 0), 6374, 0)
(1065, 1656)
((20, 20, 20, 21, 22, 21, 0), 6379, 1)
(1066, 1658)
((20, 20, 23, 23, 25, 21, 0), 6383, 2)
(1067, 1661)
((20, 20, 27, 23, 25, 21, 0), 6389, 3)
(1068, 1663)
((20, 20, 29, 29, 25, 21, 0), 6393, 4)
(1069, 1665)
((20, 30, 30, 30, 30, 21, 0), 6397, 0)
(1070, 1666)
((32, 33, 32, 30, 30, 21, 0), 6401, 1)
(1071, 1669)
((34, 34, 36, 30, 30, 21, 0), 6405, 2)
(1072, 1672)
((34, 38, 36, 30, 30, 21, 0), 6411, 3)
(1073, 1674)
((34, 38, 36, 30, 32, 32, 0), 6423, 4)
(1074, 1674)
((39, 39, 39, 39, 32, 32, 0), 6427, 0)
(1075, 1675)
((39, 39, 39, 40, 41, 40, 0), 6432, 1)
(1076, 1677)
((39, 39, 42, 42, 44, 40, 0), 6436, 2)
(1077, 1680)
((43, 39, 42, 42, 44, 40, 0), 6445, 3)
(1078, 1680)
((43, 39, 42, 42, 46, 46, 0), 6449, 4)
(1079, 1682)
((43, 47, 47, 47, 47, 46, 0), 6453, 0)
(1080, 1683)
((43, 47, 49, 50, 49, 46, 0), 6457, 1)
(1081, 1686)
((0, 4, 6, 7, 7, 7, 9), 6462, 2)
(1082, 1688)
((0, 4, 6, 7, 11, 7, 9), 6468, 3)
(1083, 1690)
((0, 4, 9, 9, 11, 7, 9), 6476, 4)
(1084, 1690)
((0, 12, 12, 12, 12, 7, 9), 6480, 0)
(1085, 1691)
((0, 12, 14, 15, 14, 7, 9), 6484, 1)
(1086, 1694)
((0, 12, 14, 15, 15, 15, 17), 6489, 2)
(1087, 1696)
((0, 8, 10, 11, 11, 11, 13), 6510, 3)
(1088, 1696)
((0, 12, 12, 11, 11, 11, 13), 6517, 4)
(1089, 1696)
((0, 13, 13, 13, 13, 11, 13), 6522, 0)
(1090, 1696)
((4, 5, 4, 2, 2, 0, 2), 6526, 1)
(1091, 1699)
((4, 5, 4, 3, 5, 0, 2), 6533, 2)
(1092, 1699)
((4, 5, 4, 3, 9, 0, 2), 6537, 3)
(1093, 1703)
((2, 3, 2, 1, 9, 9, 0), 6541, 4)
(1094, 1705)
((0, 1, 0, 8, 8, 8, 8), 6545, 0)
(1095, 1706)
((0, 1, 0, 8, 10, 11, 10), 6549, 1)
(1096, 1709)
((0, 1, 0, 8, 12, 12, 14), 6553, 2)
(1097, 1712)
((0, 1, 4, 8, 12, 12, 14), 6571, 3)
(1098, 1712)
((0, 1, 10, 10, 12, 12, 14), 6581, 4)
(1099, 1712)
((0, 1, 13, 13, 13, 13, 14), 6587, 0)
(1100, 1712)
((0, 15, 16, 15, 13, 13, 14), 6592, 1)
(1101, 1714)
((0, 15, 17, 17, 19, 13, 14), 6596, 2)
(1102, 1717)
((0, 19, 17, 17, 19, 13, 14), 6604, 3)
(1103, 1717)
((0, 19, 17, 17, 21, 21, 14), 6608, 4)
(1104, 1719)
((0, 19, 22, 22, 22, 22, 14), 6612, 0)
(1105, 1720)
((0, 24, 25, 24, 22, 22, 14), 6616, 1)
(1106, 1723)
((12, 12, 14, 10, 8, 8, 0), 6620, 2)
(1107, 1726)
((12, 12, 18, 10, 8, 8, 0), 6624, 3)
(1108, 1730)
((12, 20, 20, 10, 8, 8, 0), 6628, 4)
(1109, 1732)
((21, 21, 21, 21, 8, 8, 0), 6632, 0)
(1110, 1733)
((21, 21, 21, 22, 23, 22, 0), 6637, 1)
(1111, 1735)
((21, 21, 21, 24, 24, 26, 0), 6641, 2)
(1112, 1738)
((21, 21, 25, 24, 24, 26, 0), 6650, 3)
(1113, 1738)
((21, 21, 25, 24, 28, 28, 0), 6654, 4)
(1114, 1740)
((0, 0, 4, 8, 8, 8, 8), 6658, 0)
(1115, 1741)
((0, 9, 10, 9, 8, 8, 8), 6663, 1)
(1116, 1743)
((0, 9, 10, 10, 10, 12, 8), 6668, 2)
(1117, 1745)
((0, 9, 10, 10, 10, 12, 12), 6676, 3)
(1118, 1745)
((0, 9, 12, 12, 10, 12, 12), 6682, 4)
(1119, 1745)
((0, 9, 13, 13, 13, 13, 12), 6686, 0)
(1120, 1746)
((0, 9, 13, 13, 15, 16, 15), 6690, 1)
(1121, 1749)
((0, 9, 13, 17, 17, 19, 15), 6694, 2)
(1122, 1752)
((0, 9, 13, 21, 17, 19, 15), 6700, 3)
(1123, 1754)
((0, 9, 15, 21, 17, 19, 15), 6712, 4)
(1124, 1754)
((0, 9, 22, 22, 22, 22, 15), 6716, 0)
(1125, 1755)
((0, 9, 22, 22, 24, 25, 24), 6720, 1)
(1126, 1758)
((0, 23, 23, 25, 24, 25, 24), 6727, 2)
(1127, 1758)
((0, 23, 27, 25, 24, 25, 24), 6733, 3)
(1128, 1760)
((0, 23, 27, 25, 27, 27, 24), 6739, 4)
(1129, 1760)
((0, 23, 27, 28, 28, 28, 28), 6743, 0)
(1130, 1761)
((0, 29, 30, 29, 28, 28, 28), 6748, 1)
(1131, 1763)
((0, 29, 30, 29, 29, 29, 31), 6754, 2)
(1132, 1764)
((0, 29, 30, 29, 33, 29, 31), 6760, 3)
(1133, 1766)
((0, 32, 32, 29, 33, 29, 31), 6767, 4)
(1134, 1766)
((0, 32, 32, 34, 34, 34, 34), 6771, 0)
(1135, 1767)
((0, 32, 36, 37, 36, 34, 34), 6775, 1)
(1136, 1770)
((0, 38, 38, 40, 36, 34, 34), 6779, 2)
(1137, 1773)
((0, 38, 38, 40, 36, 34, 38), 6789, 3)
(1138, 1773)
((0, 38, 38, 40, 36, 40, 40), 6795, 4)
(1139, 1773)
((0, 41, 41, 41, 41, 40, 40), 6799, 0)
(1140, 1774)
((0, 41, 43, 44, 43, 40, 40), 6803, 1)
(1141, 1777)
((0, 45, 45, 47, 43, 40, 40), 6807, 2)
(1142, 1780)
((0, 49, 45, 47, 43, 40, 40), 6813, 3)
(1143, 1782)
((0, 51, 51, 47, 43, 40, 40), 6817, 4)
(1144, 1784)
((12, 12, 12, 12, 3, 0, 0), 6821, 0)
(1145, 1785)
((12, 12, 12, 13, 14, 13, 0), 6826, 1)
(1146, 1787)
((13, 13, 15, 13, 14, 13, 0), 6832, 2)
(1147, 1788)
((13, 13, 15, 13, 14, 13, 0), 6848, 3)
(1148, 1788)
((13, 13, 17, 17, 14, 13, 0), 6852, 4)
(1149, 1790)
((18, 18, 18, 18, 14, 13, 0), 6856, 0)
(1150, 1791)
((18, 18, 20, 21, 20, 13, 0), 6860, 1)
(1151, 1794)
((18, 18, 22, 22, 24, 13, 0), 6864, 2)
(1152, 1797)
((22, 18, 22, 22, 24, 13, 0), 6874, 3)
(1153, 1797)
((22, 18, 24, 24, 24, 13, 0), 6880, 4)
(1154, 1797)
((25, 25, 25, 25, 24, 13, 0), 6884, 0)
(1155, 1798)
((25, 25, 27, 28, 27, 13, 0), 6888, 1)
(1156, 1801)
((25, 25, 27, 29, 29, 31, 0), 6892, 2)
(1157, 1804)
((29, 25, 27, 29, 29, 31, 0), 6902, 3)
(1158, 1804)
((29, 25, 27, 29, 33, 33, 0), 6906, 4)
(1159, 1806)
((4, 0, 2, 9, 9, 9, 9), 6910, 0)
(1160, 1807)
((4, 0, 2, 9, 11, 12, 11), 6914, 1)
(1161, 1810)
((0, 0, 2, 4, 6, 7, 6), 6926, 2)
(1162, 1810)
((0, 4, 2, 4, 6, 7, 6), 6937, 3)
(1163, 1810)
((0, 4, 2, 8, 8, 7, 6), 6942, 4)
(1164, 1811)
((0, 4, 2, 9, 9, 9, 9), 6946, 0)
(1165, 1812)
((0, 4, 11, 12, 11, 9, 9), 6950, 1)
(1166, 1815)
((0, 4, 11, 12, 12, 12, 14), 6955, 2)
(1167, 1817)
((0, 4, 11, 12, 16, 12, 14), 6961, 3)
(1168, 1819)
((0, 4, 14, 14, 16, 12, 14), 6969, 4)
(1169, 1819)
((0, 17, 17, 17, 17, 12, 14), 6973, 0)
(1170, 1820)
((0, 17, 17, 17, 18, 19, 18), 6978, 1)
(1171, 1822)
((0, 17, 19, 19, 21, 19, 18), 6983, 2)
(1172, 1824)
((0, 17, 23, 19, 21, 19, 18), 6989, 3)
(1173, 1826)
((0, 25, 25, 19, 21, 19, 18), 6993, 4)
(1174, 1828)
((0, 25, 25, 22, 22, 22, 22), 7001, 0)
(1175, 1828)
((0, 25, 25, 22, 24, 25, 24), 7008, 1)
(1176, 1828)
((0, 25, 26, 26, 28, 25, 24), 7012, 2)
(1177, 1831)
((0, 25, 30, 26, 28, 25, 24), 7018, 3)
(1178, 1833)
((0, 25, 32, 32, 28, 25, 24), 7022, 4)
(1179, 1835)
((9, 9, 9, 9, 4, 1, 0), 7026, 0)
(1180, 1836)
((9, 11, 12, 11, 4, 1, 0), 7030, 1)
(1181, 1839)
((9, 11, 13, 13, 15, 1, 0), 7034, 2)
(1182, 1842)
((9, 11, 13, 17, 15, 1, 0), 7040, 3)
(1183, 1844)
((13, 13, 13, 17, 15, 1, 0), 7050, 4)
(1184, 1844)
((0, 0, 0, 5, 5, 5, 5), 7054, 0)
(1185, 1845)
((0, 6, 7, 6, 5, 5, 5), 7059, 1)
(1186, 1847)
((0, 6, 8, 8, 10, 5, 5), 7063, 2)
(1187, 1850)
((0, 6, 12, 8, 10, 5, 5), 7069, 3)
(1188, 1852)
((3, 3, 7, 3, 5, 0, 0), 7079, 4)
(1189, 1852)
((3, 8, 8, 8, 8, 0, 0), 7083, 0)
(1190, 1853)
((0, 5, 5, 5, 6, 7, 6), 7088, 1)
(1191, 1855)
((0, 5, 7, 7, 9, 7, 6), 7093, 2)
(1192, 1857)
((0, 5, 11, 7, 9, 7, 6), 7099, 3)
(1193, 1859)
((0, 5, 13, 13, 9, 7, 6), 7103, 4)
(1194, 1861)
((0, 5, 14, 14, 14, 14, 6), 7107, 0)
(1195, 1862)
((9, 10, 9, 8, 8, 8, 0), 7112, 1)
(1196, 1864)
((1, 2, 1, 0, 1, 1, 3), 7118, 2)
(1197, 1865)
((1, 2, 5, 0, 1, 1, 3), 7124, 3)
(1198, 1867)
((1, 2, 5, 0, 3, 3, 3), 7132, 4)
(1199, 1867)
((3, 3, 3, 3, 0, 0, 0), 7136, 0)
(1200, 1868)
((3, 3, 5, 6, 5, 0, 0), 7140, 1)
(1201, 1871)
((3, 3, 7, 7, 9, 0, 0), 7144, 2)
(1202, 1874)
((7, 3, 7, 7, 9, 0, 0), 7154, 3)
(1203, 1874)
((7, 3, 9, 9, 9, 0, 0), 7160, 4)
(1204, 1874)
((7, 3, 10, 10, 10, 10, 0), 7164, 0)
(1205, 1875)
((7, 12, 13, 12, 10, 10, 0), 7168, 1)
(1206, 1878)
((14, 14, 16, 12, 10, 10, 0), 7172, 2)
(1207, 1881)
((14, 14, 20, 12, 10, 10, 0), 7176, 3)
(1208, 1885)
((14, 14, 22, 22, 10, 10, 0), 7180, 4)
(1209, 1887)
((14, 14, 23, 23, 23, 23, 0), 7184, 0)
(1210, 1888)
((0, 0, 9, 9, 11, 12, 11), 7188, 1)
(1211, 1891)
((0, 0, 9, 13, 13, 15, 11), 7192, 2)
(1212, 1894)
((0, 4, 9, 13, 13, 15, 11), 7211, 3)
(1213, 1894)
((0, 4, 15, 15, 13, 15, 11), 7217, 4)
(1214, 1894)
((0, 4, 15, 16, 16, 16, 16), 7221, 0)
(1215, 1895)
((0, 17, 18, 17, 16, 16, 16), 7226, 1)
(1216, 1897)
((3, 3, 5, 1, 0, 0, 0), 7230, 2)
(1217, 1900)
((3, 3, 5, 1, 0, 4, 0), 7239, 3)
(1218, 1900)
((5, 5, 5, 1, 0, 4, 0), 7245, 4)
(1219, 1900)
((5, 5, 6, 6, 6, 6, 0), 7249, 0)
(1220, 1901)
((5, 5, 8, 9, 8, 6, 0), 7253, 1)
(1221, 1904)
((0, 0, 3, 4, 4, 4, 6), 7258, 2)
(1222, 1906)
((0, 0, 3, 4, 8, 4, 6), 7264, 3)
(1223, 1908)
((0, 0, 1, 2, 6, 2, 4), 7276, 4)
(1224, 1908)
((0, 0, 7, 7, 7, 7, 4), 7280, 0)
(1225, 1909)
((0, 0, 9, 10, 9, 7, 4), 7284, 1)
(1226, 1912)
((0, 0, 9, 11, 11, 13, 4), 7288, 2)
(1227, 1915)
((0, 0, 9, 11, 15, 13, 4), 7294, 3)
(1228, 1917)
((0, 3, 9, 11, 15, 13, 4), 7312, 4)
(1229, 1917)
((0, 16, 16, 16, 16, 13, 4), 7316, 0)
(1230, 1918)
((14, 15, 14, 12, 12, 9, 0), 7320, 1)
(1231, 1921)
((16, 16, 18, 12, 12, 9, 0), 7324, 2)
(1232, 1924)
((16, 16, 22, 12, 12, 9, 0), 7328, 3)
(1233, 1928)
((18, 18, 22, 12, 12, 9, 0), 7338, 4)
(1234, 1928)
((18, 18, 23, 23, 23, 23, 0), 7342, 0)
(1235, 1929)
((18, 18, 25, 26, 25, 23, 0), 7346, 1)
(1236, 1932)
((18, 18, 27, 27, 29, 23, 0), 7350, 2)
(1237, 1935)
((22, 18, 27, 27, 29, 23, 0), 7365, 3)
(1238, 1935)
((22, 18, 29, 29, 29, 23, 0), 7371, 4)
(1239, 1935)
((22, 18, 30, 30, 30, 30, 0), 7375, 0)
(1240, 1936)
((31, 32, 31, 30, 30, 30, 0), 7380, 1)
(1241, 1938)
((31, 32, 32, 32, 34, 30, 0), 7385, 2)
(1242, 1940)
((35, 32, 32, 32, 34, 30, 0), 7392, 3)
(1243, 1941)
((35, 32, 32, 36, 36, 30, 0), 7397, 4)
(1244, 1942)
((35, 32, 37, 37, 37, 37, 0), 7401, 0)
(1245, 1943)
((3, 0, 5, 5, 7, 8, 7), 7405, 1)
(1246, 1946)
((1, 1, 3, 0, 2, 3, 2), 7412, 2)
(1247, 1946)
((1, 1, 7, 0, 2, 3, 2), 7416, 3)
(1248, 1950)
((1, 1, 7, 0, 5, 5, 2), 7424, 4)
(1249, 1950)
((0, 0, 6, 5, 5, 5, 5), 7430, 0)
(1250, 1950)
((0, 0, 6, 7, 8, 7, 5), 7435, 1)
(1251, 1952)
((0, 0, 6, 7, 9, 9, 11), 7439, 2)
(1252, 1955)
((0, 0, 6, 11, 9, 9, 11), 7447, 3)
(1253, 1955)
((0, 0, 4, 9, 7, 7, 9), 7462, 4)
(1254, 1955)
((0, 0, 10, 10, 10, 10, 9), 7466, 0)
(1255, 1956)
((0, 0, 10, 12, 13, 12, 9), 7470, 1)
(1256, 1959)
((0, 13, 13, 15, 13, 12, 9), 7475, 2)
(1257, 1961)
((0, 13, 17, 15, 13, 12, 9), 7481, 3)
(1258, 1963)
((0, 13, 17, 15, 15, 15, 9), 7489, 4)
(1259, 1963)
((0, 13, 18, 18, 18, 18, 9), 7493, 0)
(1260, 1964)
((0, 13, 20, 21, 20, 18, 9), 7497, 1)
(1261, 1967)
((0, 13, 22, 22, 24, 18, 9), 7501, 2)
(1262, 1970)
((0, 13, 22, 22, 28, 18, 9), 7505, 3)
(1263, 1974)
((6, 6, 13, 13, 19, 9, 0), 7524, 4)
(1264, 1974)
((6, 20, 20, 20, 20, 9, 0), 7528, 0)
(1265, 1975)
((6, 20, 22, 23, 22, 9, 0), 7532, 1)
(1266, 1978)
((23, 23, 25, 23, 22, 9, 0), 7537, 2)
(1267, 1980)
((23, 23, 25, 23, 22, 13, 0), 7557, 3)
(1268, 1980)
((23, 23, 27, 27, 22, 13, 0), 7561, 4)
(1269, 1982)
((23, 23, 28, 28, 28, 28, 0), 7565, 0)
(1270, 1983)
((23, 23, 30, 31, 30, 28, 0), 7569, 1)
(1271, 1986)
((31, 31, 33, 31, 30, 28, 0), 7574, 2)
(1272, 1988)
((31, 31, 37, 31, 30, 28, 0), 7578, 3)
(1273, 1992)
((33, 33, 37, 31, 30, 28, 0), 7588, 4)
(1274, 1992)
((38, 38, 38, 38, 30, 28, 0), 7592, 0)
(1275, 1993)
((38, 38, 38, 39, 40, 39, 0), 7597, 1)
(1276, 1995)
((38, 38, 41, 41, 43, 39, 0), 7601, 2)
(1277, 1998)
((38, 38, 45, 41, 43, 39, 0), 7607, 3)
(1278, 2000)
((38, 38, 45, 41, 45, 45, 0), 7613, 4)
(1279, 2000)
((38, 46, 46, 46, 46, 45, 0), 7617, 0)
(1280, 2001)
((38, 46, 48, 49, 48, 45, 0), 7621, 1)
(1281, 2004)
((49, 49, 51, 49, 48, 45, 0), 7626, 2)
(1282, 2006)
((53, 49, 51, 49, 48, 45, 0), 7632, 3)
(1283, 2008)
((6, 2, 4, 2, 1, 0, 0), 7644, 4)
(1284, 2008)
((6, 5, 5, 5, 5, 0, 0), 7650, 0)
(1285, 2008)
((6, 7, 8, 7, 5, 0, 0), 7655, 1)
(1286, 2010)
((6, 7, 9, 9, 11, 0, 0), 7659, 2)
(1287, 2013)
((6, 7, 9, 13, 11, 0, 0), 7665, 3)
(1288, 2015)
((6, 11, 11, 13, 11, 0, 0), 7673, 4)
(1289, 2015)
((0, 5, 5, 8, 8, 8, 8), 7677, 0)
(1290, 2016)
((0, 9, 10, 9, 8, 8, 8), 7682, 1)
(1291, 2018)
((0, 9, 11, 11, 13, 8, 8), 7686, 2)
(1292, 2021)
((0, 9, 11, 11, 17, 8, 8), 7690, 3)
(1293, 2025)
((0, 13, 13, 11, 17, 8, 8), 7700, 4)
(1294, 2025)
((0, 13, 18, 18, 18, 18, 8), 7704, 0)
(1295, 2026)
((0, 13, 20, 21, 20, 18, 8), 7708, 1)
(1296, 2029)
((0, 13, 22, 22, 24, 18, 8), 7712, 2)
(1297, 2032)
((0, 13, 22, 22, 28, 18, 8), 7716, 3)
(1298, 2036)
((0, 13, 22, 22, 28, 18, 8), 7735, 4)
(1299, 2036)
((0, 13, 29, 29, 29, 29, 8), 7739, 0)
(1300, 2037)
((0, 31, 32, 31, 29, 29, 8), 7743, 1)
(1301, 2040)
((0, 31, 32, 31, 30, 30, 32), 7750, 2)
(1302, 2040)
((0, 35, 32, 31, 30, 30, 32), 7755, 3)
(1303, 2043)
((0, 35, 32, 31, 32, 32, 32), 7764, 4)
(1304, 2043)
((0, 35, 33, 33, 33, 33, 32), 7771, 0)
(1305, 2043)
((0, 36, 37, 36, 33, 33, 32), 7776, 1)
(1306, 2045)
((0, 36, 38, 38, 40, 33, 32), 7780, 2)
(1307, 2048)
((0, 36, 42, 38, 40, 33, 32), 7786, 3)
(1308, 2050)
((0, 36, 42, 42, 42, 33, 32), 7792, 4)
(1309, 2050)
((11, 11, 11, 11, 10, 1, 0), 7796, 0)
(1310, 2051)
((0, 0, 0, 0, 0, 1, 0), 7802, 1)
(1311, 2052)
((1, 1, 3, 0, 0, 1, 0), 7807, 2)
(1312, 2054)
((1, 1, 3, 4, 0, 1, 0), 7814, 3)
(1313, 2055)
((1, 1, 6, 6, 0, 1, 0), 7818, 4)
(1314, 2057)
((7, 7, 7, 7, 0, 1, 0), 7822, 0)
(1315, 2058)
((7, 7, 7, 8, 9, 8, 0), 7827, 1)
(1316, 2060)
((7, 7, 10, 10, 12, 8, 0), 7831, 2)
(1317, 2063)
((7, 7, 10, 14, 12, 8, 0), 7837, 3)
(1318, 2065)
((7, 7, 16, 16, 12, 8, 0), 7841, 4)
(1319, 2067)
((0, 0, 9, 10, 10, 10, 10), 7845, 0)
(1320, 2068)
((0, 0, 12, 13, 12, 10, 10), 7849, 1)
(1321, 2071)
((3, 3, 5, 3, 2, 0, 0), 7854, 2)
(1322, 2073)
((3, 3, 5, 3, 6, 0, 0), 7861, 3)
(1323, 2074)
((3, 3, 5, 3, 8, 8, 0), 7865, 4)
(1324, 2076)
((6, 6, 6, 6, 8, 8, 0), 7872, 0)
(1325, 2076)
((0, 0, 0, 0, 4, 5, 4), 7876, 1)
(1326, 2079)
((0, 0, 5, 5, 7, 5, 4), 7881, 2)
(1327, 2081)
((0, 0, 5, 5, 11, 5, 4), 7885, 3)
(1328, 2085)
((0, 0, 7, 7, 11, 5, 4), 7895, 4)
(1329, 2085)
((0, 0, 12, 12, 12, 12, 4), 7899, 0)
(1330, 2086)
((0, 0, 12, 12, 14, 15, 14), 7903, 1)
(1331, 2089)
((0, 0, 15, 15, 17, 15, 14), 7908, 2)
(1332, 2091)
((0, 0, 15, 15, 17, 15, 14), 7929, 3)
(1333, 2091)
((0, 17, 17, 15, 17, 15, 14), 7935, 4)
(1334, 2091)
((4, 4, 4, 4, 3, 1, 0), 7939, 0)
(1335, 2092)
((4, 4, 4, 5, 6, 5, 0), 7944, 1)
(1336, 2094)
((0, 0, 0, 1, 3, 3, 5), 7948, 2)
(1337, 2097)
((4, 0, 0, 1, 3, 3, 5), 7957, 3)
(1338, 2097)
((3, 1, 1, 0, 2, 2, 4), 7966, 4)
(1339, 2097)
((1, 1, 1, 1, 1, 0, 2), 7972, 0)
(1340, 2097)
((0, 0, 0, 0, 2, 3, 2), 7977, 1)
(1341, 2099)
((0, 0, 3, 3, 5, 3, 2), 7982, 2)
(1342, 2101)
((0, 0, 3, 3, 9, 3, 2), 7986, 3)
(1343, 2105)
((0, 2, 3, 3, 9, 3, 2), 7999, 4)
(1344, 2105)
((0, 2, 10, 10, 10, 10, 2), 8003, 0)
(1345, 2106)
((0, 2, 10, 12, 13, 12, 2), 8007, 1)
(1346, 2109)
((0, 2, 10, 12, 14, 14, 16), 8011, 2)
(1347, 2112)
((0, 2, 10, 12, 18, 14, 16), 8017, 3)
(1348, 2114)
((0, 12, 12, 12, 18, 14, 16), 8029, 4)
(1349, 2114)
((0, 12, 19, 19, 19, 19, 16), 8033, 0)
(1350, 2115)
((0, 12, 21, 22, 21, 19, 16), 8037, 1)
(1351, 2118)
((0, 12, 23, 23, 25, 19, 16), 8041, 2)
(1352, 2121)
((0, 12, 23, 23, 29, 19, 16), 8045, 3)
(1353, 2125)
((0, 0, 9, 9, 15, 5, 2), 8066, 4)
(1354, 2125)
((0, 16, 16, 16, 16, 5, 2), 8070, 0)
(1355, 2126)
((0, 16, 18, 19, 18, 5, 2), 8074, 1)
(1356, 2129)
((0, 16, 20, 20, 22, 5, 2), 8078, 2)
(1357, 2132)
((0, 16, 20, 24, 22, 5, 2), 8084, 3)
(1358, 2134)
((0, 16, 20, 24, 22, 7, 7), 8107, 4)
(1359, 2134)
((0, 16, 25, 25, 25, 25, 7), 8111, 0)
(1360, 2135)
((0, 27, 28, 27, 25, 25, 7), 8115, 1)
(1361, 2138)
((22, 22, 24, 20, 18, 18, 0), 8119, 2)
(1362, 2141)
((22, 22, 28, 20, 18, 18, 0), 8123, 3)
(1363, 2145)
((24, 24, 28, 20, 18, 18, 0), 8133, 4)
(1364, 2145)
((3, 3, 7, 0, 0, 0, 0), 8145, 0)
(1365, 2145)
((3, 3, 7, 0, 2, 3, 2), 8156, 1)
(1366, 2145)
((1, 6, 6, 8, 0, 1, 0), 8160, 2)
(1367, 2148)
((1, 6, 6, 8, 0, 5, 0), 8171, 3)
(1368, 2148)
((1, 6, 6, 8, 0, 7, 7), 8178, 4)
(1369, 2148)
((9, 9, 9, 9, 0, 7, 7), 8182, 0)
(1370, 2149)
((2, 2, 2, 3, 4, 3, 0), 8187, 1)
(1371, 2151)
((2, 4, 4, 6, 4, 3, 0), 8192, 2)
(1372, 2153)
((2, 4, 8, 6, 4, 3, 0), 8198, 3)
(1373, 2155)
((2, 10, 10, 6, 4, 3, 0), 8202, 4)
(1374, 2157)
((11, 11, 11, 11, 4, 3, 0), 8206, 0)
(1375, 2158)
((11, 11, 11, 12, 13, 12, 0), 8211, 1)
(1376, 2160)
((11, 11, 11, 14, 14, 16, 0), 8215, 2)
(1377, 2163)
((11, 11, 11, 14, 18, 16, 0), 8221, 3)
(1378, 2165)
((11, 13, 13, 14, 18, 16, 0), 8232, 4)
(1379, 2165)
((11, 13, 19, 19, 19, 19, 0), 8236, 0)
(1380, 2166)
((20, 21, 20, 19, 19, 19, 0), 8241, 1)
(1381, 2168)
((22, 22, 24, 19, 19, 19, 0), 8245, 2)
(1382, 2171)
((22, 22, 28, 19, 19, 19, 0), 8249, 3)
(1383, 2175)
((24, 24, 28, 19, 19, 19, 0), 8259, 4)
(1384, 2175)
((24, 24, 28, 21, 21, 21, 0), 8271, 0)
(1385, 2175)
((3, 3, 7, 0, 2, 3, 2), 8282, 1)
(1386, 2175)
((1, 1, 6, 6, 8, 1, 0), 8286, 2)
(1387, 2178)
((1, 1, 10, 6, 8, 1, 0), 8292, 3)
(1388, 2180)
((1, 1, 12, 12, 8, 1, 0), 8296, 4)
(1389, 2182)
((13, 13, 13, 13, 8, 1, 0), 8300, 0)
(1390, 2183)
((13, 13, 13, 13, 11, 10, 0), 8309, 1)
(1391, 2183)
((13, 13, 14, 14, 16, 10, 0), 8313, 2)
(1392, 2186)
((13, 13, 14, 14, 20, 10, 0), 8317, 3)
(1393, 2190)
((13, 16, 16, 14, 20, 10, 0), 8327, 4)
(1394, 2190)
((0, 3, 3, 8, 8, 8, 8), 8331, 0)
(1395, 2191)
((0, 9, 10, 9, 8, 8, 8), 8336, 1)
(1396, 2193)
((0, 9, 10, 10, 10, 12, 8), 8341, 2)
(1397, 2195)
((0, 9, 14, 10, 10, 12, 8), 8347, 3)
(1398, 2197)
((0, 9, 16, 16, 10, 12, 8), 8351, 4)
(1399, 2199)
((0, 9, 17, 17, 17, 17, 8), 8355, 0)
(1400, 2200)
((10, 11, 10, 9, 9, 9, 0), 8360, 1)
(1401, 2202)
((10, 11, 10, 10, 10, 12, 0), 8366, 2)
(1402, 2203)
((10, 11, 10, 14, 10, 12, 0), 8372, 3)
(1403, 2205)
((13, 13, 10, 14, 10, 12, 0), 8379, 4)
(1404, 2205)
((15, 15, 15, 15, 10, 12, 0), 8383, 0)
(1405, 2206)
((15, 17, 18, 17, 10, 12, 0), 8387, 1)
(1406, 2209)
((15, 19, 19, 21, 10, 12, 0), 8391, 2)
(1407, 2212)
((15, 19, 19, 21, 14, 12, 0), 8406, 3)
(1408, 2212)
((15, 19, 23, 23, 14, 12, 0), 8410, 4)
(1409, 2214)
((15, 24, 24, 24, 24, 12, 0), 8414, 0)
(1410, 2215)
((15, 24, 24, 26, 27, 26, 0), 8418, 1)
(1411, 2218)
((15, 24, 28, 28, 30, 26, 0), 8422, 2)
(1412, 2221)
((15, 28, 28, 28, 30, 26, 0), 8432, 3)
(1413, 2221)
((15, 28, 28, 28, 32, 32, 0), 8436, 4)
(1414, 2223)
((29, 29, 29, 29, 32, 32, 0), 8444, 0)
(1415, 2223)
((29, 31, 32, 31, 32, 32, 0), 8451, 1)
(1416, 2223)
((29, 31, 32, 33, 33, 35, 0), 8455, 2)
(1417, 2226)
((29, 31, 32, 37, 33, 35, 0), 8461, 3)
(1418, 2228)
((33, 33, 32, 37, 33, 35, 0), 8471, 4)
(1419, 2228)
((38, 38, 38, 38, 33, 35, 0), 8475, 0)
(1420, 2229)
((40, 41, 40, 38, 33, 35, 0), 8479, 1)
(1421, 2232)
((42, 42, 44, 38, 33, 35, 0), 8483, 2)
(1422, 2235)
((42, 42, 44, 38, 37, 35, 0), 8498, 3)
(1423, 2235)
((44, 44, 44, 38, 37, 35, 0), 8504, 4)
(1424, 2235)
((44, 45, 45, 45, 45, 35, 0), 8508, 0)
(1425, 2236)
((47, 48, 47, 45, 45, 35, 0), 8512, 1)
(1426, 2239)
((47, 48, 47, 46, 48, 35, 0), 8519, 2)
(1427, 2239)
((47, 48, 47, 46, 52, 35, 0), 8523, 3)
(1428, 2243)
((47, 50, 50, 46, 52, 35, 0), 8531, 4)
(1429, 2243)
((0, 3, 3, 6, 6, 6, 6), 8535, 0)
(1430, 2244)
((0, 7, 8, 7, 6, 6, 6), 8540, 1)
(1431, 2246)
((0, 7, 9, 9, 11, 6, 6), 8544, 2)
(1432, 2249)
((0, 7, 13, 9, 11, 6, 6), 8550, 3)
(1433, 2251)
((0, 7, 15, 15, 11, 6, 6), 8554, 4)
(1434, 2253)
((0, 16, 16, 16, 16, 6, 6), 8558, 0)
(1435, 2254)
((0, 16, 16, 16, 17, 18, 17), 8563, 1)
(1436, 2256)
((0, 17, 17, 19, 17, 18, 17), 8569, 2)
(1437, 2257)
((0, 21, 17, 19, 17, 18, 17), 8575, 3)
(1438, 2259)
((0, 21, 21, 21, 17, 18, 17), 8581, 4)
(1439, 2259)
((0, 21, 22, 22, 22, 22, 17), 8585, 0)
(1440, 2260)
((0, 21, 24, 25, 24, 22, 17), 8589, 1)
(1441, 2263)
((0, 21, 24, 25, 25, 25, 27), 8594, 2)
(1442, 2265)
((0, 25, 24, 25, 25, 25, 27), 8604, 3)
(1443, 2265)
((0, 25, 24, 25, 27, 27, 27), 8610, 4)
(1444, 2265)
((0, 0, 0, 0, 1, 1, 1), 8616, 0)
(1445, 2265)
((0, 2, 3, 2, 1, 1, 1), 8621, 1)
(1446, 2267)
((0, 2, 3, 3, 3, 5, 1), 8626, 2)
(1447, 2269)
((0, 2, 3, 3, 7, 5, 1), 8632, 3)
(1448, 2271)
((0, 2, 5, 5, 7, 5, 1), 8640, 4)
(1449, 2271)
((0, 2, 8, 8, 8, 8, 1), 8644, 0)
(1450, 2272)
((8, 9, 8, 7, 7, 7, 0), 8649, 1)
(1451, 2274)
((10, 10, 12, 7, 7, 7, 0), 8653, 2)
(1452, 2277)
((6, 6, 8, 3, 3, 3, 0), 8669, 3)
(1453, 2277)
((8, 8, 8, 3, 3, 3, 0), 8675, 4)
(1454, 2277)
((8, 9, 9, 9, 9, 3, 0), 8679, 0)
(1455, 2278)
((8, 9, 9, 11, 12, 11, 0), 8683, 1)
(1456, 2281)
((0, 1, 1, 3, 5, 5, 7), 8687, 2)
(1457, 2284)
((3, 0, 0, 2, 4, 4, 6), 8698, 3)
(1458, 2284)
((3, 0, 0, 2, 6, 6, 6), 8704, 4)
(1459, 2284)
((0, 0, 0, 0, 2, 2, 2), 8711, 0)
(1460, 2284)
((2, 3, 2, 0, 2, 2, 2), 8717, 1)
(1461, 2285)
((0, 1, 1, 1, 3, 0, 0), 8722, 2)
(1462, 2287)
((0, 1, 1, 1, 7, 0, 0), 8726, 3)
(1463, 2291)
((3, 3, 1, 1, 7, 0, 0), 8736, 4)
(1464, 2291)
((3, 3, 8, 8, 8, 8, 0), 8740, 0)
(1465, 2292)
((0, 0, 5, 5, 7, 8, 7), 8744, 1)
(1466, 2295)
((0, 0, 8, 8, 10, 8, 7), 8749, 2)
(1467, 2297)
((0, 0, 8, 8, 10, 8, 7), 8764, 3)
(1468, 2297)
((0, 0, 10, 10, 10, 8, 7), 8770, 4)
(1469, 2297)
((0, 0, 11, 11, 11, 11, 7), 8774, 0)
(1470, 2298)
((5, 6, 5, 4, 4, 4, 0), 8779, 1)
(1471, 2300)
((5, 6, 6, 6, 8, 4, 0), 8784, 2)
(1472, 2302)
((5, 6, 6, 6, 12, 4, 0), 8788, 3)
(1473, 2306)
((8, 8, 6, 6, 12, 4, 0), 8798, 4)
(1474, 2306)
((8, 8, 13, 13, 13, 13, 0), 8802, 0)
(1475, 2307)
((14, 15, 14, 13, 13, 13, 0), 8807, 1)
(1476, 2309)
((14, 15, 15, 15, 17, 13, 0), 8812, 2)
(1477, 2311)
((14, 15, 19, 15, 17, 13, 0), 8818, 3)
(1478, 2313)
((17, 17, 19, 15, 17, 13, 0), 8826, 4)
(1479, 2313)
((20, 20, 20, 20, 17, 13, 0), 8830, 0)
(1480, 2314)
((20, 20, 20, 21, 22, 21, 0), 8835, 1)
(1481, 2316)
((20, 22, 22, 24, 22, 21, 0), 8840, 2)
(1482, 2318)
((20, 22, 26, 24, 22, 21, 0), 8846, 3)
(1483, 2320)
((20, 28, 28, 24, 22, 21, 0), 8850, 4)
(1484, 2322)
((20, 28, 29, 29, 29, 29, 0), 8854, 0)
(1485, 2323)
((20, 28, 31, 32, 31, 29, 0), 8858, 1)
(1486, 2326)
((0, 8, 11, 12, 12, 12, 14), 8863, 2)
(1487, 2328)
((0, 12, 11, 12, 12, 12, 14), 8873, 3)
(1488, 2328)
((0, 14, 14, 12, 12, 12, 14), 8879, 4)
(1489, 2328)
((0, 14, 15, 15, 15, 15, 14), 8883, 0)
(1490, 2329)
((0, 17, 18, 17, 15, 15, 14), 8887, 1)
(1491, 2332)
((0, 17, 18, 18, 18, 20, 14), 8892, 2)
(1492, 2334)
((0, 17, 18, 18, 18, 20, 18), 8902, 3)
(1493, 2334)
((0, 17, 18, 18, 22, 22, 18), 8906, 4)
(1494, 2336)
((0, 17, 18, 23, 23, 23, 23), 8910, 0)
(1495, 2337)
((0, 17, 25, 26, 25, 23, 23), 8914, 1)
(1496, 2340)
((0, 17, 27, 27, 29, 23, 23), 8918, 2)
(1497, 2343)
((0, 17, 27, 27, 29, 23, 23), 8949, 3)
(1498, 2343)
((0, 17, 29, 29, 29, 23, 23), 8955, 4)
(1499, 2343)
((0, 17, 30, 30, 30, 30, 23), 8959, 0)
(1500, 2344)
((0, 17, 32, 33, 32, 30, 23), 8963, 1)
(1501, 2347)
((0, 17, 32, 34, 34, 36, 23), 8967, 2)
(1502, 2350)
((0, 13, 28, 30, 30, 32, 19), 9007, 3)
(1503, 2350)
((0, 13, 32, 32, 30, 32, 19), 9013, 4)
(1504, 2350)
((14, 14, 14, 14, 11, 13, 0), 9017, 0)
(1505, 2351)
((14, 14, 16, 17, 16, 13, 0), 9021, 1)
(1506, 2354)
((14, 14, 18, 18, 20, 13, 0), 9025, 2)
(1507, 2357)
((14, 14, 18, 18, 24, 13, 0), 9029, 3)
(1508, 2361)
((16, 16, 18, 18, 24, 13, 0), 9043, 4)
(1509, 2361)
((16, 25, 25, 25, 25, 13, 0), 9047, 0)
(1510, 2362)
((16, 25, 27, 28, 27, 13, 0), 9051, 1)
(1511, 2365)
((16, 29, 29, 31, 27, 13, 0), 9055, 2)
(1512, 2368)
((16, 29, 33, 31, 27, 13, 0), 9061, 3)
(1513, 2370)
((31, 31, 33, 31, 27, 13, 0), 9069, 4)
(1514, 2370)
((31, 31, 34, 34, 34, 34, 0), 9073, 0)
(1515, 2371)
((0, 0, 3, 3, 5, 6, 5), 9077, 1)
(1516, 2374)
((0, 0, 6, 6, 8, 6, 5), 9082, 2)
(1517, 2376)
((0, 0, 10, 6, 8, 6, 5), 9088, 3)
(1518, 2378)
((0, 0, 8, 4, 6, 4, 3), 9102, 4)
(1519, 2378)
((6, 6, 6, 6, 3, 1, 0), 9106, 0)
(1520, 2379)
((6, 6, 6, 7, 8, 7, 0), 9111, 1)
(1521, 2381)
((6, 6, 9, 9, 11, 7, 0), 9115, 2)
(1522, 2384)
((6, 6, 9, 9, 15, 7, 0), 9119, 3)
(1523, 2388)
((6, 6, 9, 9, 17, 17, 0), 9123, 4)
(1524, 2390)
((6, 6, 18, 18, 18, 18, 0), 9127, 0)
(1525, 2391)
((6, 6, 20, 21, 20, 18, 0), 9131, 1)
(1526, 2394)
((6, 6, 22, 22, 24, 18, 0), 9135, 2)
(1527, 2397)
((6, 6, 22, 22, 28, 18, 0), 9139, 3)
(1528, 2401)
((6, 6, 22, 22, 30, 30, 0), 9143, 4)
(1529, 2403)
((0, 0, 16, 25, 25, 25, 25), 9147, 0)
(1530, 2404)
((0, 0, 27, 28, 27, 25, 25), 9151, 1)
(1531, 2407)
((0, 0, 29, 29, 31, 25, 25), 9155, 2)
(1532, 2410)
((0, 0, 29, 33, 31, 25, 25), 9161, 3)
(1533, 2412)
((0, 31, 31, 33, 31, 25, 25), 9169, 4)
(1534, 2412)
((0, 34, 34, 34, 34, 25, 25), 9173, 0)
(1535, 2413)
((0, 34, 36, 37, 36, 25, 25), 9177, 1)
(1536, 2416)
((0, 34, 38, 38, 40, 25, 25), 9181, 2)
(1537, 2419)
((0, 34, 38, 42, 40, 25, 25), 9187, 3)
(1538, 2421)
((0, 34, 38, 42, 42, 42, 25), 9193, 4)
(1539, 2421)
((0, 34, 38, 43, 43, 43, 43), 9197, 0)
(1540, 2422)
((0, 34, 38, 43, 45, 46, 45), 9201, 1)
(1541, 2425)
((0, 0, 2, 4, 6, 7, 6), 9213, 2)
(1542, 2425)
((0, 0, 2, 8, 6, 7, 6), 9220, 3)
(1543, 2426)
((0, 0, 0, 6, 4, 5, 4), 9232, 4)
(1544, 2426)
((0, 7, 7, 7, 7, 5, 4), 9236, 0)
(1545, 2427)
((0, 7, 7, 9, 10, 9, 4), 9240, 1)
(1546, 2430)
((0, 7, 7, 9, 11, 11, 13), 9244, 2)
(1547, 2433)
((0, 7, 7, 9, 15, 11, 13), 9250, 3)
(1548, 2435)
((2, 2, 0, 2, 8, 4, 6), 9262, 4)
(1549, 2435)
((0, 0, 7, 7, 7, 7, 4), 9266, 0)
(1550, 2436)
((0, 9, 10, 9, 7, 7, 4), 9270, 1)
(1551, 2439)
((0, 9, 10, 9, 8, 10, 4), 9277, 2)
(1552, 2439)
((0, 9, 10, 9, 12, 10, 4), 9283, 3)
(1553, 2441)
((7, 7, 6, 5, 8, 6, 0), 9290, 4)
(1554, 2441)
((1, 1, 0, 3, 3, 3, 3), 9294, 0)
(1555, 2442)
((0, 3, 4, 3, 2, 2, 2), 9299, 1)
(1556, 2444)
((3, 3, 5, 1, 0, 0, 0), 9303, 2)
(1557, 2447)
((3, 3, 5, 1, 4, 0, 0), 9312, 3)
(1558, 2447)
((2, 2, 4, 0, 3, 1, 1), 9321, 4)
(1559, 2447)
((1, 1, 4, 4, 4, 4, 0), 9325, 0)
(1560, 2448)
((1, 1, 6, 7, 6, 4, 0), 9329, 1)
(1561, 2451)
((1, 8, 8, 10, 6, 4, 0), 9333, 2)
(1562, 2454)
((1, 8, 12, 10, 6, 4, 0), 9339, 3)
(1563, 2456)
((10, 10, 12, 10, 6, 4, 0), 9347, 4)
(1564, 2456)
((13, 13, 13, 13, 6, 4, 0), 9351, 0)
(1565, 2457)
((13, 15, 16, 15, 6, 4, 0), 9355, 1)
(1566, 2460)
((17, 17, 19, 15, 6, 4, 0), 9359, 2)
(1567, 2463)
((17, 17, 19, 15, 6, 8, 0), 9378, 3)
(1568, 2463)
((11, 11, 13, 9, 0, 4, 4), 9393, 4)
(1569, 2463)
((14, 14, 14, 14, 0, 4, 4), 9397, 0)
(1570, 2464)
((10, 10, 12, 13, 12, 0, 0), 9401, 1)
(1571, 2467)
((0, 0, 2, 3, 3, 3, 5), 9406, 2)
(1572, 2469)
((4, 0, 2, 3, 3, 3, 5), 9415, 3)
(1573, 2469)
((4, 0, 5, 5, 3, 3, 5), 9421, 4)
(1574, 2469)
((4, 0, 6, 6, 6, 6, 5), 9425, 0)
(1575, 2470)
((4, 0, 8, 9, 8, 6, 5), 9429, 1)
(1576, 2473)
((4, 0, 10, 10, 12, 6, 5), 9433, 2)
(1577, 2476)
((8, 0, 10, 10, 12, 6, 5), 9445, 3)
(1578, 2476)
((8, 0, 10, 10, 14, 14, 5), 9449, 4)
(1579, 2478)
((8, 0, 10, 15, 15, 15, 15), 9453, 0)
(1580, 2479)
((0, 8, 9, 8, 7, 7, 7), 9458, 1)
(1581, 2481)
((0, 10, 10, 12, 7, 7, 7), 9462, 2)
(1582, 2484)
((0, 10, 14, 12, 7, 7, 7), 9468, 3)
(1583, 2486)
((0, 10, 14, 14, 14, 7, 7), 9474, 4)
(1584, 2486)
((8, 8, 8, 8, 7, 0, 0), 9478, 0)
(1585, 2487)
((8, 8, 8, 9, 10, 9, 0), 9483, 1)
(1586, 2489)
((0, 0, 0, 1, 3, 3, 5), 9487, 2)
(1587, 2492)
((4, 0, 0, 1, 3, 3, 5), 9496, 3)
(1588, 2492)
((4, 0, 0, 1, 3, 7, 7), 9500, 4)
(1589, 2494)
((4, 0, 0, 8, 8, 8, 8), 9504, 0)
(1590, 2495)
((2, 0, 1, 6, 6, 6, 6), 9516, 1)
(1591, 2495)
((2, 0, 2, 6, 6, 6, 6), 9525, 2)
(1592, 2495)
((0, 2, 0, 4, 4, 4, 4), 9535, 3)
(1593, 2495)
((0, 2, 0, 4, 6, 6, 4), 9539, 4)
(1594, 2497)
((1, 1, 1, 1, 2, 2, 0), 9545, 0)
(1595, 2497)
((1, 1, 1, 4, 5, 4, 0), 9549, 1)
(1596, 2500)
((2, 2, 4, 4, 5, 4, 0), 9557, 2)
(1597, 2500)
((2, 2, 4, 8, 5, 4, 0), 9562, 3)
(1598, 2503)
((2, 2, 10, 10, 5, 4, 0), 9566, 4)
(1599, 2505)
((2, 2, 11, 11, 11, 11, 0), 9570, 0)
(1600, 2506)
((0, 0, 9, 9, 11, 12, 11), 9574, 1)
(1601, 2509)
((0, 10, 10, 12, 11, 12, 11), 9581, 2)
(1602, 2509)
((0, 10, 10, 12, 11, 12, 11), 9597, 3)
(1603, 2509)
((0, 12, 12, 12, 11, 12, 11), 9603, 4)
(1604, 2509)
((0, 12, 13, 13, 13, 13, 11), 9607, 0)
(1605, 2510)
((0, 12, 13, 13, 15, 16, 15), 9611, 1)
(1606, 2513)
((0, 12, 16, 16, 18, 16, 15), 9616, 2)
(1607, 2515)
((0, 12, 16, 16, 22, 16, 15), 9620, 3)
(1608, 2519)
((0, 15, 16, 16, 22, 16, 15), 9633, 4)
(1609, 2519)
((0, 15, 16, 23, 23, 23, 23), 9637, 0)
(1610, 2520)
((0, 15, 25, 26, 25, 23, 23), 9641, 1)
(1611, 2523)
((0, 15, 27, 27, 29, 23, 23), 9645, 2)
(1612, 2526)
((0, 15, 31, 27, 29, 23, 23), 9651, 3)
(1613, 2528)
((0, 15, 33, 33, 29, 23, 23), 9655, 4)
(1614, 2530)
((0, 15, 34, 34, 34, 34, 23), 9659, 0)
(1615, 2531)
((0, 15, 34, 34, 36, 37, 36), 9663, 1)
(1616, 2534)
((1, 1, 3, 0, 2, 3, 2), 9670, 2)
(1617, 2534)
((5, 1, 3, 0, 2, 3, 2), 9676, 3)
(1618, 2536)
((7, 7, 3, 0, 2, 3, 2), 9680, 4)
(1619, 2538)
((5, 5, 2, 2, 2, 2, 0), 9688, 0)
(1620, 2538)
((5, 6, 7, 6, 2, 2, 0), 9693, 1)
(1621, 2540)
((5, 8, 8, 10, 2, 2, 0), 9697, 2)
(1622, 2543)
((5, 8, 12, 10, 2, 2, 0), 9703, 3)
(1623, 2545)
((10, 10, 12, 10, 2, 2, 0), 9711, 4)
(1624, 2545)
((10, 13, 13, 13, 13, 2, 0), 9715, 0)
(1625, 2546)
((10, 13, 15, 16, 15, 2, 0), 9719, 1)
(1626, 2549)
((10, 13, 17, 17, 19, 2, 0), 9723, 2)
(1627, 2552)
((10, 13, 17, 17, 23, 2, 0), 9727, 3)
(1628, 2556)
((10, 19, 19, 17, 23, 2, 0), 9737, 4)
(1629, 2556)
((10, 24, 24, 24, 24, 2, 0), 9741, 0)
(1630, 2557)
((10, 24, 26, 27, 26, 2, 0), 9745, 1)
(1631, 2560)
((10, 24, 28, 28, 30, 2, 0), 9749, 2)
(1632, 2563)
((10, 24, 28, 28, 34, 2, 0), 9753, 3)
(1633, 2567)
((10, 24, 28, 28, 36, 36, 0), 9757, 4)
(1634, 2569)
((10, 37, 37, 37, 37, 36, 0), 9761, 0)
(1635, 2570)
((39, 40, 39, 37, 37, 36, 0), 9765, 1)
(1636, 2573)
((41, 41, 43, 37, 37, 36, 0), 9769, 2)
(1637, 2576)
((45, 41, 43, 37, 37, 36, 0), 9775, 3)
(1638, 2578)
((45, 41, 43, 39, 39, 36, 0), 9787, 4)
(1639, 2578)
((45, 44, 44, 44, 44, 36, 0), 9793, 0)
(1640, 2578)
((45, 44, 46, 47, 46, 36, 0), 9798, 1)
(1641, 2580)
((45, 44, 48, 48, 50, 36, 0), 9802, 2)
(1642, 2583)
((45, 44, 48, 48, 54, 36, 0), 9806, 3)
(1643, 2587)
((45, 50, 50, 48, 54, 36, 0), 9816, 4)
(1644, 2587)
((45, 50, 55, 55, 55, 55, 0), 9820, 0)
(1645, 2588)
((56, 57, 56, 55, 55, 55, 0), 9825, 1)
(1646, 2590)
((1, 2, 1, 0, 1, 1, 3), 9831, 2)
(1647, 2591)
((1, 2, 5, 0, 1, 1, 3), 9837, 3)
(1648, 2593)
((0, 1, 6, 6, 0, 0, 2), 9841, 4)
(1649, 2595)
((0, 1, 7, 7, 7, 7, 2), 9845, 0)
(1650, 2596)
((0, 1, 9, 10, 9, 7, 2), 9849, 1)
(1651, 2599)
((0, 1, 11, 11, 13, 7, 2), 9853, 2)
(1652, 2602)
((0, 5, 11, 11, 13, 7, 2), 9869, 3)
(1653, 2602)
((0, 13, 13, 11, 13, 7, 2), 9875, 4)
(1654, 2602)
((0, 13, 14, 14, 14, 14, 2), 9879, 0)
(1655, 2603)
((0, 13, 16, 17, 16, 14, 2), 9883, 1)
(1656, 2606)
((0, 18, 18, 20, 16, 14, 2), 9887, 2)
(1657, 2609)
((2, 16, 16, 18, 14, 12, 0), 9911, 3)
(1658, 2609)
((0, 14, 14, 16, 12, 12, 12), 9921, 4)
(1659, 2609)
((5, 5, 5, 5, 0, 0, 0), 9925, 0)
(1660, 2610)
((5, 5, 7, 8, 7, 0, 0), 9929, 1)
(1661, 2613)
((5, 5, 9, 9, 11, 0, 0), 9933, 2)
(1662, 2616)
((9, 5, 9, 9, 11, 0, 0), 9943, 3)
(1663, 2616)
((9, 5, 9, 9, 13, 13, 0), 9947, 4)
(1664, 2618)
((10, 10, 10, 10, 13, 13, 0), 9955, 0)
(1665, 2618)
((0, 0, 0, 0, 5, 6, 5), 9959, 1)
(1666, 2621)
((1, 1, 3, 0, 5, 6, 5), 9969, 2)
(1667, 2621)
((0, 0, 2, 3, 4, 5, 4), 9979, 3)
(1668, 2621)
((0, 0, 0, 1, 2, 3, 2), 9988, 4)
(1669, 2621)
((0, 0, 0, 0, 0, 1, 0), 9994, 0)
(1670, 2621)
((0, 0, 2, 3, 2, 1, 0), 9999, 1)
(1671, 2623)
((0, 0, 4, 4, 6, 1, 0), 10003, 2)
(1672, 2626)
((0, 4, 4, 4, 6, 1, 0), 10013, 3)
(1673, 2626)
((6, 6, 4, 4, 6, 1, 0), 10019, 4)
(1674, 2626)
((2, 2, 0, 3, 3, 3, 3), 10023, 0)
(1675, 2627)
((0, 2, 3, 2, 1, 1, 1), 10028, 1)
(1676, 2629)
((0, 2, 4, 4, 6, 1, 1), 10032, 2)
(1677, 2632)
((0, 6, 4, 4, 6, 1, 1), 10040, 3)
(1678, 2632)
((7, 7, 3, 3, 5, 0, 0), 10044, 4)
(1679, 2634)
((7, 7, 6, 6, 6, 6, 0), 10050, 0)
(1680, 2634)
((1, 1, 0, 0, 2, 3, 2), 10055, 1)
(1681, 2636)
((1, 1, 0, 4, 4, 6, 2), 10059, 2)
(1682, 2639)
((0, 0, 3, 3, 3, 5, 1), 10069, 3)
(1683, 2639)
((0, 0, 3, 3, 7, 7, 1), 10073, 4)
(1684, 2641)
((0, 8, 8, 8, 8, 7, 1), 10077, 0)
(1685, 2642)
((0, 8, 8, 8, 9, 10, 9), 10082, 1)
(1686, 2644)
((0, 8, 8, 8, 11, 11, 13), 10086, 2)
(1687, 2647)
((0, 12, 8, 8, 11, 11, 13), 4, 3)
(1688, 2647)
((0, 14, 14, 8, 11, 11, 13), 9, 4)
(1689, 2648)
((0, 14, 14, 14, 14, 14, 14), 14, 0)
(1690, 2648)
((0, 14, 16, 17, 16, 14, 14), 18, 1)
(1691, 2651)
((3, 3, 5, 3, 2, 0, 0), 23, 2)
(1692, 2653)
((3, 7, 5, 3, 2, 0, 0), 29, 3)
(1693, 2655)
((9, 9, 5, 3, 2, 0, 0), 33, 4)
(1694, 2657)
((9, 9, 6, 6, 6, 6, 0), 41, 0)
(1695, 2657)
((9, 9, 8, 9, 8, 6, 0), 48, 1)
(1696, 2657)
((1, 1, 0, 1, 1, 1, 3), 53, 2)
(1697, 2659)
((5, 1, 0, 1, 1, 1, 3), 59, 3)
(1698, 2661)
((5, 1, 0, 1, 3, 3, 3), 67, 4)
(1699, 2661)
((4, 0, 3, 3, 3, 3, 2), 73, 0)
(1700, 2661)
((4, 0, 3, 5, 6, 5, 2), 78, 1)
(1701, 2663)
((4, 0, 7, 7, 9, 5, 2), 82, 2)
(1702, 2666)
((4, 0, 11, 7, 9, 5, 2), 88, 3)
(1703, 2668)
((4, 0, 13, 13, 9, 5, 2), 92, 4)
(1704, 2670)
((2, 12, 12, 12, 12, 3, 0), 96, 0)
(1705, 2671)
((2, 12, 12, 14, 15, 14, 0), 100, 1)
(1706, 2674)
((2, 15, 15, 17, 15, 14, 0), 105, 2)
(1707, 2676)
((2, 15, 15, 17, 15, 14, 0), 127, 3)
(1708, 2676)
((17, 17, 15, 17, 15, 14, 0), 133, 4)
(1709, 2676)
((18, 18, 18, 18, 15, 14, 0), 137, 0)
(1710, 2677)
((2, 2, 2, 2, 0, 1, 0), 145, 1)
(1711, 2677)
((2, 2, 2, 3, 3, 5, 0), 149, 2)
(1712, 2680)
((6, 2, 2, 3, 3, 5, 0), 156, 3)
(1713, 2681)
((6, 4, 4, 3, 3, 5, 0), 164, 4)
(1714, 2681)
((2, 0, 0, 2, 2, 2, 2), 169, 0)
(1715, 2681)
((0, 1, 2, 1, 0, 0, 0), 174, 1)
(1716, 2683)
((0, 1, 2, 2, 2, 4, 0), 179, 2)
(1717, 2685)
((0, 1, 2, 6, 2, 4, 0), 185, 3)
(1718, 2687)
((3, 3, 2, 6, 2, 4, 0), 194, 4)
(1719, 2687)
((3, 3, 7, 7, 7, 7, 0), 198, 0)
(1720, 2688)
((0, 0, 4, 4, 6, 7, 6), 202, 1)
(1721, 2691)
((0, 0, 4, 8, 8, 10, 6), 206, 2)
(1722, 2694)
((0, 0, 8, 8, 8, 10, 6), 216, 3)
(1723, 2694)
((0, 0, 10, 10, 8, 10, 6), 222, 4)
(1724, 2694)
((5, 5, 5, 5, 2, 4, 0), 226, 0)
(1725, 2695)
((5, 5, 7, 8, 7, 4, 0), 230, 1)
(1726, 2698)
((5, 5, 9, 9, 11, 4, 0), 234, 2)
(1727, 2701)
((5, 5, 9, 9, 15, 4, 0), 238, 3)
(1728, 2705)
((5, 5, 9, 9, 17, 17, 0), 242, 4)
(1729, 2707)
((5, 18, 18, 18, 18, 17, 0), 246, 0)
(1730, 2708)
((0, 13, 13, 13, 14, 15, 14), 251, 1)
(1731, 2710)
((0, 13, 15, 15, 17, 15, 14), 256, 2)
(1732, 2712)
((0, 17, 15, 15, 17, 15, 14), 264, 3)
(1733, 2712)
((0, 17, 15, 15, 19, 19, 14), 268, 4)
(1734, 2714)
((0, 17, 20, 20, 20, 20, 14), 272, 0)
(1735, 2715)
((0, 17, 20, 22, 23, 22, 14), 276, 1)
(1736, 2718)
((0, 17, 20, 24, 24, 26, 14), 280, 2)
(1737, 2721)
((0, 17, 20, 24, 24, 26, 14), 310, 3)
(1738, 2721)
((0, 17, 20, 26, 26, 26, 14), 316, 4)
(1739, 2721)
((13, 13, 13, 13, 12, 12, 0), 320, 0)
(1740, 2722)
((13, 13, 15, 16, 15, 12, 0), 324, 1)
(1741, 2725)
((13, 13, 15, 17, 17, 19, 0), 328, 2)
(1742, 2728)
((13, 13, 15, 17, 17, 19, 0), 339, 3)
(1743, 2728)
((0, 0, 2, 4, 4, 8, 8), 343, 4)
(1744, 2730)
((1, 1, 1, 1, 0, 4, 4), 351, 0)
(1745, 2730)
((0, 0, 0, 0, 5, 6, 5), 355, 1)
(1746, 2733)
((0, 0, 1, 1, 5, 6, 5), 365, 2)
(1747, 2733)
((0, 4, 1, 1, 5, 6, 5), 375, 3)
(1748, 2733)
((0, 6, 6, 1, 5, 6, 5), 381, 4)
(1749, 2733)
((0, 6, 7, 7, 7, 7, 5), 385, 0)
(1750, 2734)
((3, 4, 3, 2, 2, 2, 0), 390, 1)
(1751, 2736)
((5, 5, 7, 2, 2, 2, 0), 394, 2)
(1752, 2739)
((5, 5, 7, 2, 2, 6, 0), 403, 3)
(1753, 2739)
((5, 5, 9, 9, 2, 6, 0), 407, 4)
(1754, 2741)
((5, 5, 10, 10, 10, 10, 0), 411, 0)
(1755, 2742)
((0, 0, 5, 5, 7, 8, 7), 415, 1)
(1756, 2745)
((0, 6, 6, 8, 7, 8, 7), 422, 2)
(1757, 2745)
((0, 6, 6, 8, 7, 8, 7), 434, 3)
(1758, 2745)
((0, 8, 8, 8, 7, 8, 7), 440, 4)
(1759, 2745)
((0, 9, 9, 9, 9, 8, 7), 444, 0)
(1760, 2746)
((0, 9, 11, 12, 11, 8, 7), 448, 1)
(1761, 2749)
((5, 5, 7, 5, 4, 1, 0), 453, 2)
(1762, 2751)
((5, 5, 7, 5, 4, 5, 0), 463, 3)
(1763, 2751)
((5, 5, 9, 9, 4, 5, 0), 467, 4)
(1764, 2753)
((5, 5, 10, 10, 10, 10, 0), 471, 0)
(1765, 2754)
((0, 0, 5, 5, 7, 8, 7), 475, 1)
(1766, 2757)
((0, 6, 6, 8, 7, 8, 7), 482, 2)
(1767, 2757)
((0, 6, 10, 8, 7, 8, 7), 488, 3)
(1768, 2759)
((0, 6, 10, 8, 7, 10, 10), 494, 4)
(1769, 2759)
((0, 6, 11, 11, 11, 11, 10), 498, 0)
(1770, 2760)
((2, 3, 2, 1, 1, 1, 0), 503, 1)
(1771, 2762)
((2, 3, 3, 3, 5, 1, 0), 508, 2)
(1772, 2764)
((2, 3, 3, 3, 9, 1, 0), 512, 3)
(1773, 2768)
((2, 3, 3, 3, 11, 11, 0), 516, 4)
(1774, 2770)
((4, 4, 4, 4, 11, 11, 0), 528, 0)
(1775, 2770)
((6, 7, 6, 4, 11, 11, 0), 539, 1)
(1776, 2770)
((6, 7, 6, 12, 12, 14, 0), 543, 2)
(1777, 2773)
((6, 7, 6, 12, 16, 14, 0), 549, 3)
(1778, 2775)
((9, 9, 6, 12, 16, 14, 0), 562, 4)
(1779, 2775)
((3, 3, 0, 11, 11, 11, 11), 566, 0)
(1780, 2776)
((0, 9, 10, 9, 8, 8, 8), 571, 1)
(1781, 2778)
((0, 9, 10, 9, 9, 9, 11), 577, 2)
(1782, 2779)
((0, 9, 10, 9, 13, 9, 11), 583, 3)
(1783, 2781)
((2, 2, 1, 0, 4, 0, 2), 591, 4)
(1784, 2781)
((0, 0, 3, 3, 3, 3, 0), 595, 0)
(1785, 2782)
((0, 0, 3, 5, 6, 5, 0), 599, 1)
(1786, 2785)
((4, 4, 6, 5, 6, 5, 0), 606, 2)
(1787, 2785)
((4, 4, 6, 5, 10, 5, 0), 610, 3)
(1788, 2789)
((6, 6, 6, 5, 10, 5, 0), 620, 4)
(1789, 2789)
((6, 6, 11, 11, 11, 11, 0), 624, 0)
(1790, 2790)
((0, 0, 5, 5, 7, 8, 7), 628, 1)
(1791, 2793)
((0, 0, 5, 9, 9, 11, 7), 632, 2)
(1792, 2796)
((0, 0, 9, 9, 9, 11, 7), 642, 3)
(1793, 2796)
((0, 0, 11, 11, 9, 11, 7), 648, 4)
(1794, 2796)
((5, 5, 5, 5, 2, 4, 0), 652, 0)
(1795, 2797)
((5, 5, 5, 6, 7, 6, 0), 657, 1)
(1796, 2799)
((0, 0, 0, 1, 3, 3, 5), 661, 2)
(1797, 2802)
((4, 0, 0, 1, 3, 3, 5), 670, 3)
(1798, 2802)
((4, 0, 0, 1, 3, 7, 7), 674, 4)
(1799, 2804)
((4, 0, 8, 8, 8, 8, 7), 678, 0)
(1800, 2805)
((4, 0, 10, 11, 10, 8, 7), 682, 1)
(1801, 2808)
((0, 8, 8, 10, 6, 4, 3), 686, 2)
(1802, 2811)
((0, 12, 8, 10, 6, 4, 3), 692, 3)
(1803, 2813)
((0, 14, 14, 10, 6, 4, 3), 696, 4)
(1804, 2815)
((0, 15, 15, 15, 15, 4, 3), 700, 0)
(1805, 2816)
((14, 15, 14, 12, 12, 1, 0), 704, 1)
(1806, 2819)
((14, 15, 14, 13, 15, 1, 0), 711, 2)
(1807, 2819)
((14, 15, 14, 13, 15, 5, 0), 729, 3)
(1808, 2819)
((14, 15, 14, 13, 17, 17, 0), 733, 4)
(1809, 2821)
((14, 18, 18, 18, 18, 17, 0), 737, 0)
(1810, 2822)
((0, 4, 4, 4, 5, 6, 5), 742, 1)
(1811, 2824)
((0, 5, 5, 7, 5, 6, 5), 748, 2)
(1812, 2825)
((0, 5, 9, 7, 5, 6, 5), 754, 3)
(1813, 2827)
((0, 5, 9, 7, 5, 8, 8), 761, 4)
(1814, 2827)
((5, 5, 5, 5, 0, 3, 3), 765, 0)
(1815, 2828)
((2, 2, 4, 5, 4, 0, 0), 769, 1)
(1816, 2831)
((0, 0, 2, 3, 3, 3, 5), 774, 2)
(1817, 2833)
((0, 0, 2, 3, 7, 3, 5), 780, 3)
(1818, 2835)
((0, 0, 5, 5, 7, 3, 5), 788, 4)
(1819, 2835)
((3, 3, 3, 3, 4, 0, 2), 794, 0)
(1820, 2835)
((3, 5, 6, 5, 4, 0, 2), 799, 1)
(1821, 2837)
((1, 3, 4, 4, 4, 6, 0), 804, 2)
(1822, 2839)
((1, 3, 4, 8, 4, 6, 0), 810, 3)
(1823, 2841)
((1, 3, 10, 10, 4, 6, 0), 814, 4)
(1824, 2843)
((1, 11, 11, 11, 11, 6, 0), 818, 0)
(1825, 2844)
((1, 11, 13, 14, 13, 6, 0), 822, 1)
(1826, 2847)
((14, 14, 16, 14, 13, 6, 0), 827, 2)
(1827, 2849)
((14, 14, 16, 14, 17, 6, 0), 834, 3)
(1828, 2850)
((14, 14, 16, 14, 19, 19, 0), 838, 4)
(1829, 2852)
((14, 20, 20, 20, 20, 19, 0), 842, 0)
(1830, 2853)
((14, 20, 22, 23, 22, 19, 0), 846, 1)
(1831, 2856)
((23, 23, 25, 23, 22, 19, 0), 851, 2)
(1832, 2858)
((23, 23, 29, 23, 22, 19, 0), 855, 3)
(1833, 2862)
((23, 23, 29, 25, 25, 19, 0), 865, 4)
(1834, 2862)
((23, 30, 30, 30, 30, 19, 0), 869, 0)
(1835, 2863)
((23, 30, 32, 33, 32, 19, 0), 873, 1)
(1836, 2866)
((23, 30, 34, 34, 36, 19, 0), 877, 2)
(1837, 2869)
((23, 30, 38, 34, 36, 19, 0), 883, 3)
(1838, 2871)
((23, 30, 38, 34, 38, 38, 0), 889, 4)
(1839, 2871)
((23, 39, 39, 39, 39, 38, 0), 893, 0)
(1840, 2872)
((23, 39, 41, 42, 41, 38, 0), 897, 1)
(1841, 2875)
((23, 39, 43, 43, 45, 38, 0), 901, 2)
(1842, 2878)
((23, 39, 43, 43, 45, 38, 0), 920, 3)
(1843, 2878)
((23, 39, 45, 45, 45, 38, 0), 926, 4)
(1844, 2878)
((46, 46, 46, 46, 45, 38, 0), 930, 0)
(1845, 2879)
((0, 0, 0, 0, 0, 1, 0), 936, 1)
(1846, 2880)
((1, 1, 3, 0, 0, 1, 0), 941, 2)
(1847, 2882)
((1, 1, 3, 0, 0, 1, 4), 948, 3)
(1848, 2883)
((1, 1, 5, 5, 0, 1, 4), 953, 4)
(1849, 2884)
((0, 0, 4, 5, 5, 5, 5), 957, 0)
(1850, 2885)
((0, 0, 7, 8, 7, 5, 5), 961, 1)
(1851, 2888)
((0, 0, 7, 8, 8, 8, 10), 966, 2)
(1852, 2890)
((0, 0, 7, 8, 8, 8, 14), 970, 3)
(1853, 2894)
((0, 0, 5, 6, 6, 6, 12), 988, 4)
(1854, 2894)
((0, 0, 5, 13, 13, 13, 13), 992, 0)
(1855, 2895)
((0, 1, 0, 7, 7, 7, 7), 1005, 1)
(1856, 2895)
((0, 0, 2, 5, 5, 5, 5), 1015, 2)
(1857, 2895)
((0, 0, 2, 5, 9, 5, 5), 1019, 3)
(1858, 2899)
((0, 0, 4, 5, 9, 5, 5), 1030, 4)
(1859, 2899)
((0, 0, 4, 10, 10, 10, 10), 1034, 0)
(1860, 2900)
((0, 6, 7, 10, 10, 10, 10), 1044, 1)
(1861, 2900)
((0, 6, 7, 10, 11, 11, 13), 1048, 2)
(1862, 2903)
((0, 6, 11, 10, 11, 11, 13), 1058, 3)
(1863, 2903)
((0, 6, 11, 10, 13, 13, 13), 1064, 4)
(1864, 2903)
((0, 14, 14, 14, 14, 13, 13), 1068, 0)
(1865, 2904)
((0, 14, 16, 17, 16, 13, 13), 1072, 1)
(1866, 2907)
((0, 14, 16, 17, 17, 17, 19), 1077, 2)
(1867, 2909)
((0, 14, 20, 17, 17, 17, 19), 1084, 3)
(1868, 2910)
((0, 14, 22, 22, 17, 17, 19), 1088, 4)
(1869, 2912)
((0, 23, 23, 23, 23, 17, 19), 1092, 0)
(1870, 2913)
((8, 9, 8, 6, 6, 0, 2), 1096, 1)
(1871, 2916)
((8, 9, 8, 7, 9, 0, 2), 1103, 2)
(1872, 2916)
((8, 9, 12, 7, 9, 0, 2), 1108, 3)
(1873, 2919)
((8, 9, 14, 14, 9, 0, 2), 1112, 4)
(1874, 2921)
((8, 15, 15, 15, 15, 0, 2), 1116, 0)
(1875, 2922)
((17, 18, 17, 15, 15, 0, 2), 1120, 1)
(1876, 2925)
((17, 18, 17, 16, 18, 0, 2), 1127, 2)
(1877, 2925)
((17, 18, 17, 16, 22, 0, 2), 1131, 3)
(1878, 2929)
((17, 20, 20, 16, 22, 0, 2), 1139, 4)
(1879, 2929)
((17, 23, 23, 23, 23, 0, 2), 1143, 0)
(1880, 2930)
((25, 26, 25, 23, 23, 0, 2), 1147, 1)
(1881, 2933)
((25, 26, 26, 26, 28, 0, 2), 1152, 2)
(1882, 2935)
((25, 26, 26, 30, 28, 0, 2), 1158, 3)
(1883, 2937)
((28, 28, 26, 30, 28, 0, 2), 1166, 4)
(1884, 2937)
((2, 2, 0, 5, 5, 5, 5), 1170, 0)
(1885, 2938)
((0, 4, 5, 4, 3, 3, 3), 1175, 1)
(1886, 2940)
((0, 4, 6, 6, 8, 3, 3), 1179, 2)
(1887, 2943)
((0, 4, 6, 6, 12, 3, 3), 1183, 3)
(1888, 2947)
((0, 8, 8, 6, 12, 3, 3), 1193, 4)
(1889, 2947)
((0, 13, 13, 13, 13, 3, 3), 1197, 0)
(1890, 2948)
((0, 13, 13, 13, 14, 15, 14), 1202, 1)
(1891, 2950)
((0, 13, 15, 15, 17, 15, 14), 1207, 2)
(1892, 2952)
((0, 13, 19, 15, 17, 15, 14), 1213, 3)
(1893, 2954)
3159
